Script started on 2022-09-12 08:30:46+09:00 [TERM="xterm-256color" TTY="/dev/pts/1" COLUMNS="77" LINES="19"]
[?2004h]0;nobsun@tpp1g3: ~/Dropbox/Seitoku/2022/A/cs/cs2022[01;32mnobsun@tpp1g3[00m:[01;34m~/Dropbox/Seitoku/2022/A/cs/cs2022[00m$ exit
[?2004lexit

Script done on 2022-09-12 08:31:08+09:00 [COMMAND_EXIT_CODE="0"]
Script started on 2022-09-12 08:36:28+09:00 [TERM="xterm-256color" TTY="/dev/pts/1" COLUMNS="77" LINES="19"]
[?2004h]0;nobsun@tpp1g3: ~/Dropbox/Seitoku/2022/A/cs/cs2022[01;32mnobsun@tpp1g3[00m:[01;34m~/Dropbox/Seitoku/2022/A/cs/cs2022[00m$ Script started on 2022-09-12 11:32:03+09:00 [TERM="xterm-256color" TTY="/dev/pts/3" COLUMNS="170" LINES="26"]
]0;saya@LAPTOP-88RLC3EG: ~/cs2022[01;32msaya@LAPTOP-88RLC3EG[00m:[01;34m~/cs2022[00m$ stack br[Kuild
[0mPreparing to install GHC (tinfo6) to an isolated location.[0m
[0mThis will not interfere with any system-level installation.[0m
Preparing to download ghc-tinfo6-8.10.7 ...                                           ghc-tinfo6-8.10.7: download has begun                                     ghc-tinfo6-8.10.7:    6.39 MiB / 207.64 MiB (  3.08%) downloaded...                                                                   ghc-tinfo6-8.10.7:   13.12 MiB / 207.64 MiB (  6.32%) downloaded...                                                                   ghc-tinfo6-8.10.7:   19.29 MiB / 207.64 MiB (  9.29%) downloaded...                                                                   ghc-tinfo6-8.10.7:   26.56 MiB / 207.64 MiB ( 12.79%) downloaded...                                                                   ghc-tinfo6-8.10.7:   33.10 MiB / 207.64 MiB ( 15.94%) downloaded...                                                                   ghc-tinfo6-8.10.7:   39.86 MiB / 207.64 MiB ( 19.20%) downloaded...                                                                   ghc-tinfo6-8.10.7:   46.56 MiB / 207.64 MiB ( 22.43%) downloaded...                                                                   ghc-tinfo6-8.10.7:   53.00 MiB / 207.64 MiB ( 25.53%) downloaded...                                                                   ghc-tinfo6-8.10.7:   59.73 MiB / 207.64 MiB ( 28.77%) downloaded...                                                                   ghc-tinfo6-8.10.7:   66.33 MiB / 207.64 MiB ( 31.95%) downloaded...                                                                   ghc-tinfo6-8.10.7:   72.97 MiB / 207.64 MiB ( 35.14%) downloaded...                                                                   ghc-tinfo6-8.10.7:   79.56 MiB / 207.64 MiB ( 38.32%) downloaded...                                                                   ghc-tinfo6-8.10.7:   86.32 MiB / 207.64 MiB ( 41.57%) downloaded...                                                                   ghc-tinfo6-8.10.7:   92.78 MiB / 207.64 MiB ( 44.69%) downloaded...                                                                   ghc-tinfo6-8.10.7:   99.21 MiB / 207.64 MiB ( 47.78%) downloaded...                                                                   ghc-tinfo6-8.10.7:  105.83 MiB / 207.64 MiB ( 50.97%) downloaded...                                                                   ghc-tinfo6-8.10.7:  112.41 MiB / 207.64 MiB ( 54.13%) downloaded...                                                                   ghc-tinfo6-8.10.7:  117.60 MiB / 207.64 MiB ( 56.64%) downloaded...                                                                   ghc-tinfo6-8.10.7:  123.39 MiB / 207.64 MiB ( 59.42%) downloaded...                                                                   ghc-tinfo6-8.10.7:  129.51 MiB / 207.64 MiB ( 62.37%) downloaded...                                                                   ghc-tinfo6-8.10.7:  134.94 MiB / 207.64 MiB ( 64.99%) downloaded...                                                                   ghc-tinfo6-8.10.7:  139.15 MiB / 207.64 MiB ( 67.02%) downloaded...                                                                   ghc-tinfo6-8.10.7:  144.79 MiB / 207.64 MiB ( 69.73%) downloaded...                                                                   ghc-tinfo6-8.10.7:  148.39 MiB / 207.64 MiB ( 71.47%) downloaded...                                                                   ghc-tinfo6-8.10.7:  153.69 MiB / 207.64 MiB ( 74.02%) downloaded...                                                                   ghc-tinfo6-8.10.7:  158.96 MiB / 207.64 MiB ( 76.55%) downloaded...                                                                   ghc-tinfo6-8.10.7:  163.91 MiB / 207.64 MiB ( 78.94%) downloaded...                                                                   ghc-tinfo6-8.10.7:  166.95 MiB / 207.64 MiB ( 80.41%) downloaded...                                                                   ghc-tinfo6-8.10.7:  171.36 MiB / 207.64 MiB ( 82.53%) downloaded...                                                                   ghc-tinfo6-8.10.7:  175.79 MiB / 207.64 MiB ( 84.66%) downloaded...                                                                   ghc-tinfo6-8.10.7:  180.45 MiB / 207.64 MiB ( 86.91%) downloaded...                                                                   ghc-tinfo6-8.10.7:  184.87 MiB / 207.64 MiB ( 89.03%) downloaded...                                                                   ghc-tinfo6-8.10.7:  189.07 MiB / 207.64 MiB ( 91.06%) downloaded...                                                                   ghc-tinfo6-8.10.7:  193.19 MiB / 207.64 MiB ( 93.04%) downloaded...                                                                   ghc-tinfo6-8.10.7:  197.29 MiB / 207.64 MiB ( 95.02%) downloaded...                                                                   ghc-tinfo6-8.10.7:  201.75 MiB / 207.64 MiB ( 97.17%) downloaded...                                                                   ghc-tinfo6-8.10.7:  205.80 MiB / 207.64 MiB ( 99.12%) downloaded...                                                                   ghc-tinfo6-8.10.7:  207.64 MiB / 207.64 MiB (100.00%) downloaded...                                                                   [0mDownloaded ghc-tinfo6-8.10.7.[0m
Unpacking GHC into /home/saya/.stack/programs/x86_64-linux/ghc-tinfo6-8.10.7.temp/ ...                                                                                      Configuring GHC ...                   Installing GHC ...                  [0mInstalled GHC.[0m
[1 of 2] Compiling Main             ( /home/saya/.stack/setup-exe-src/setup-mPHDZzAJ.hs, /home/saya/.stack/setup-exe-src/setup-mPHDZzAJ.o )
[2 of 2] Compiling StackSetupShim   ( /home/saya/.stack/setup-exe-src/setup-shim-mPHDZzAJ.hs, /home/saya/.stack/setup-exe-src/setup-shim-mPHDZzAJ.o )
Linking /home/saya/.stack/setup-exe-cache/x86_64-linux-tinfo6/tmp-Cabal-simple_mPHDZzAJ_3.2.1.0_ghc-8.10.7 ...
Progress 0/20: call-stack, clock, colour, hspec-discover, main-tester, primitive, setenv, splitmix                                                                                                  [0mclock             > configure[0m
Progress 0/20: call-stack, clock, colour, hspec-discover, main-tester, primitive, setenv, splitmix                                                                                                  [0mclock             > Configuring clock-0.8.3...[0m
Progress 0/20: call-stack, clock, colour, hspec-discover, main-tester, primitive, setenv, splitmix                                                                                                  [0mclock             > build[0m
Progress 0/20: call-stack, clock, colour, hspec-discover, main-tester, primitive, setenv, splitmix                                                                                                  [0mcolour            > configure[0m
Progress 0/20: call-stack, clock, colour, hspec-discover, main-tester, primitive, setenv, splitmix                                                                                                  [0mclock             > Preprocessing library for clock-0.8.3..[0m
Progress 0/20: call-stack, clock, colour, hspec-discover, main-tester, primitive, setenv, splitmix                                                                                                  [0mclock             > Building library for clock-0.8.3..[0m
Progress 0/20: call-stack, clock, colour, hspec-discover, main-tester, primitive, setenv, splitmix                                                                                                  [0mclock             > [1 of 2] Compiling System.Clock[0m
Progress 0/20: call-stack, clock, colour, hspec-discover, main-tester, primitive, setenv, splitmix                                                                                                  [0mcolour            > Configuring colour-2.3.6...[0m
Progress 0/20: call-stack, clock, colour, hspec-discover, main-tester, primitive, setenv, splitmix                                                                                                  [0mcolour            > build[0m
Progress 0/20: call-stack, clock, colour, hspec-discover, main-tester, primitive, setenv, splitmix                                                                                                  [0mhspec-discover    > configure[0m
Progress 0/20: call-stack, clock, colour, hspec-discover, main-tester, primitive, setenv, splitmix                                                                                                  [0mcolour            > Preprocessing library for colour-2.3.6..[0m
Progress 0/20: call-stack, clock, colour, hspec-discover, main-tester, primitive, setenv, splitmix                                                                                                  [0mcolour            > Building library for colour-2.3.6..[0m
Progress 0/20: call-stack, clock, colour, hspec-discover, main-tester, primitive, setenv, splitmix                                                                                                  [0mcolour            > [ 1 of 14] Compiling Data.Colour.CIE.Chromaticity[0m
Progress 0/20: call-stack, clock, colour, hspec-discover, main-tester, primitive, setenv, splitmix                                                                                                  [0mhspec-discover    > Configuring hspec-discover-2.7.10...[0m
Progress 0/20: call-stack, clock, colour, hspec-discover, main-tester, primitive, setenv, splitmix                                                                                                  [0mcolour            > [ 2 of 14] Compiling Data.Colour.CIE.Illuminant[0m
Progress 0/20: call-stack, clock, colour, hspec-discover, main-tester, primitive, setenv, splitmix                                                                                                  [0mhspec-discover    > build[0m
Progress 0/20: call-stack, clock, colour, hspec-discover, main-tester, primitive, setenv, splitmix                                                                                                  [0mmain-tester       > configure[0m
Progress 0/20: call-stack, clock, colour, hspec-discover, main-tester, primitive, setenv, splitmix                                                                                                  [0mhspec-discover    > Preprocessing library for hspec-discover-2.7.10..[0m
Progress 0/20: call-stack, clock, colour, hspec-discover, main-tester, primitive, setenv, splitmix                                                                                                  [0mhspec-discover    > Building library for hspec-discover-2.7.10..[0m
Progress 0/20: call-stack, clock, colour, hspec-discover, main-tester, primitive, setenv, splitmix                                                                                                  [0mhspec-discover    > [1 of 4] Compiling Paths_hspec_discover[0m
Progress 0/20: call-stack, clock, colour, hspec-discover, main-tester, primitive, setenv, splitmix                                                                                                  [0mcolour            > [ 3 of 14] Compiling Data.Colour.Chan[0m
Progress 0/20: call-stack, clock, colour, hspec-discover, main-tester, primitive, setenv, splitmix                                                                                                  [0mhspec-discover    > [2 of 4] Compiling Test.Hspec.Discover.Config[0m
Progress 0/20: call-stack, clock, colour, hspec-discover, main-tester, primitive, setenv, splitmix                                                                                                  [0mcolour            > [ 4 of 14] Compiling Data.Colour.Internal[0m
Progress 0/20: call-stack, clock, colour, hspec-discover, main-tester, primitive, setenv, splitmix                                                                                                  [0mmain-tester       > Configuring main-tester-0.2.0.1...[0m
Progress 0/20: call-stack, clock, colour, hspec-discover, main-tester, primitive, setenv, splitmix                                                                                                  [0mhspec-discover    > [3 of 4] Compiling Test.Hspec.Discover.Sort[0m
Progress 0/20: call-stack, clock, colour, hspec-discover, main-tester, primitive, setenv, splitmix                                                                                                  [0mmain-tester       > build[0m
Progress 0/20: call-stack, clock, colour, hspec-discover, main-tester, primitive, setenv, splitmix                                                                                                  [0mprimitive         > configure[0m
Progress 0/20: call-stack, clock, colour, hspec-discover, main-tester, primitive, setenv, splitmix                                                                                                  [0mmain-tester       > Preprocessing library for main-tester-0.2.0.1..[0m
Progress 0/20: call-stack, clock, colour, hspec-discover, main-tester, primitive, setenv, splitmix                                                                                                  [0mmain-tester       > Building library for main-tester-0.2.0.1..[0m
Progress 0/20: call-stack, clock, colour, hspec-discover, main-tester, primitive, setenv, splitmix                                                                                                  [0mmain-tester       > [1 of 2] Compiling Test.Main.Internal[0m
Progress 0/20: call-stack, clock, colour, hspec-discover, main-tester, primitive, setenv, splitmix                                                                                                  [0mclock             > [2 of 2] Compiling System.Clock.Seconds[0m
Progress 0/20: call-stack, clock, colour, hspec-discover, main-tester, primitive, setenv, splitmix                                                                                                  [0mcolour            > [ 5 of 14] Compiling Data.Colour.Matrix[0m
Progress 0/20: call-stack, clock, colour, hspec-discover, main-tester, primitive, setenv, splitmix                                                                                                  [0mhspec-discover    > [4 of 4] Compiling Test.Hspec.Discover.Run[0m
Progress 0/20: call-stack, clock, colour, hspec-discover, main-tester, primitive, setenv, splitmix                                                                                                  [0mmain-tester       > [2 of 2] Compiling Test.Main[0m
Progress 0/20: call-stack, clock, colour, hspec-discover, main-tester, primitive, setenv, splitmix                                                                                                  [0mcolour            > [ 6 of 14] Compiling Data.Colour.RGB[0m
Progress 0/20: call-stack, clock, colour, hspec-discover, main-tester, primitive, setenv, splitmix                                                                                                  [0mprimitive         > Configuring primitive-0.7.3.0...[0m
Progress 0/20: call-stack, clock, colour, hspec-discover, main-tester, primitive, setenv, splitmix                                                                                                  [0mprimitive         > build[0m
Progress 0/20: call-stack, clock, colour, hspec-discover, main-tester, primitive, setenv, splitmix                                                                                                  [0msetenv            > configure[0m
Progress 0/20: call-stack, clock, colour, hspec-discover, main-tester, primitive, setenv, splitmix                                                                                                  [0mprimitive         > Preprocessing library for primitive-0.7.3.0..[0m
Progress 0/20: call-stack, clock, colour, hspec-discover, main-tester, primitive, setenv, splitmix                                                                                                  [0mprimitive         > Building library for primitive-0.7.3.0..[0m
Progress 0/20: call-stack, clock, colour, hspec-discover, main-tester, primitive, setenv, splitmix                                                                                                  [0mprimitive         > [ 1 of 12] Compiling Control.Monad.Primitive[0m
Progress 0/20: call-stack, clock, colour, hspec-discover, main-tester, primitive, setenv, splitmix                                                                                                  [0mclock             > copy/register[0m
Progress 0/20: call-stack, clock, colour, hspec-discover, main-tester, primitive, setenv, splitmix                                                                                                  [0mhspec-discover    > Preprocessing executable 'hspec-discover' for hspec-discover-2.7.10..[0m
Progress 0/20: call-stack, clock, colour, hspec-discover, main-tester, primitive, setenv, splitmix                                                                                                  [0mhspec-discover    > Building executable 'hspec-discover' for hspec-discover-2.7.10..[0m
Progress 0/20: call-stack, clock, colour, hspec-discover, main-tester, primitive, setenv, splitmix                                                                                                  [0msetenv            > Configuring setenv-0.1.1.3...[0m
Progress 0/20: call-stack, clock, colour, hspec-discover, main-tester, primitive, setenv, splitmix                                                                                                  [0mclock             > Installing library in /home/saya/.stack/snapshots/x86_64-linux-tinfo6/be841925a279f5180aa0bc7104f1e64adcac540856b5b65d79e60763d4be4cda/8.10.7/lib/x86_64-linux-ghc-8.10.7/clock-0.8.3-Kuh58kurzD7fuR5UAL40C[0m
Progress 0/20: call-stack, clock, colour, hspec-discover, main-tester, primitive, setenv, splitmix                                                                                                  [0mhspec-discover    > [1 of 2] Compiling Main[0m
Progress 0/20: call-stack, clock, colour, hspec-discover, main-tester, primitive, setenv, splitmix                                                                                                  [0mclock             > Registering library for clock-0.8.3..[0m
Progress 0/20: call-stack, clock, colour, hspec-discover, main-tester, primitive, setenv, splitmix                                                                                                  [0mhspec-discover    > [2 of 2] Compiling Paths_hspec_discover[0m
Progress 0/20: call-stack, clock, colour, hspec-discover, main-tester, primitive, setenv, splitmix                                                                                                  [0mmain-tester       > copy/register[0m
Progress 0/20: call-stack, clock, colour, hspec-discover, main-tester, primitive, setenv, splitmix                                                                                                  [0mcolour            > [ 7 of 14] Compiling Data.Colour.RGBSpace.HSL[0m
Progress 0/20: call-stack, clock, colour, hspec-discover, main-tester, primitive, setenv, splitmix                                                                                                  [0mmain-tester       > Installing library in /home/saya/.stack/snapshots/x86_64-linux-tinfo6/be841925a279f5180aa0bc7104f1e64adcac540856b5b65d79e60763d4be4cda/8.10.7/lib/x86_64-linux-ghc-8.10.7/main-tester-0.2.0.1-FD951bsztdnC1tMSZPlTNo[0m
Progress 0/20: call-stack, clock, colour, hspec-discover, main-tester, primitive, setenv, splitmix                                                                                                  [0msetenv            > build[0m
Progress 0/20: call-stack, clock, colour, hspec-discover, main-tester, primitive, setenv, splitmix                                                                                                  [0msetenv            > Preprocessing library for setenv-0.1.1.3..[0m
Progress 0/20: call-stack, clock, colour, hspec-discover, main-tester, primitive, setenv, splitmix                                                                                                  [0msetenv            > Building library for setenv-0.1.1.3..[0m
Progress 0/20: call-stack, clock, colour, hspec-discover, main-tester, primitive, setenv, splitmix                                                                                                  [0mcolour            > [ 8 of 14] Compiling Data.Colour.RGBSpace.HSV[0m
Progress 0/20: call-stack, clock, colour, hspec-discover, main-tester, primitive, setenv, splitmix                                                                                                  Progress 1/20: call-stack, colour, hspec-discover, main-tester, primitive, setenv, splitmix                                                                                           [0msplitmix          > configure[0m
Progress 1/20: call-stack, colour, hspec-discover, main-tester, primitive, setenv, splitmix                                                                                           [0msetenv            > [1 of 1] Compiling System.SetEnv[0m
Progress 1/20: call-stack, colour, hspec-discover, main-tester, primitive, setenv, splitmix                                                                                           [0mmain-tester       > Registering library for main-tester-0.2.0.1..[0m
Progress 1/20: call-stack, colour, hspec-discover, main-tester, primitive, setenv, splitmix                                                                                           [0mcolour            > [ 9 of 14] Compiling Data.Colour.SRGB.Linear[0m
Progress 1/20: call-stack, colour, hspec-discover, main-tester, primitive, setenv, splitmix                                                                                           [0mcolour            > [10 of 14] Compiling Data.Colour.RGBSpace[0m
Progress 1/20: call-stack, colour, hspec-discover, main-tester, primitive, setenv, splitmix                                                                                           [0mhspec-discover    > Linking .stack-work/dist/x86_64-linux-tinfo6/Cabal-3.2.1.0/build/hspec-discover/hspec-discover ...[0m
Progress 1/20: call-stack, colour, hspec-discover, main-tester, primitive, setenv, splitmix                                                                                           Progress 2/20: call-stack, colour, hspec-discover, primitive, setenv, splitmix, unicode-show, utf8-string                                                                                                         [0mprimitive         > [ 2 of 12] Compiling Data.Primitive.Array[0m
Progress 2/20: call-stack, colour, hspec-discover, primitive, setenv, splitmix, unicode-show, utf8-string                                                                                                         [0mcolour            > [11 of 14] Compiling Data.Colour.SRGB[0m
Progress 2/20: call-stack, colour, hspec-discover, primitive, setenv, splitmix, unicode-show, utf8-string                                                                                                         [0msetenv            > copy/register[0m
Progress 2/20: call-stack, colour, hspec-discover, primitive, setenv, splitmix, unicode-show, utf8-string                                                                                                         [0msetenv            > Installing library in /home/saya/.stack/snapshots/x86_64-linux-tinfo6/be841925a279f5180aa0bc7104f1e64adcac540856b5b65d79e60763d4be4cda/8.10.7/lib/x86_64-linux-ghc-8.10.7/setenv-0.1.1.3-HK5QtY9e5OiHjAYZJOd5Lt[0m
Progress 2/20: call-stack, colour, hspec-discover, primitive, setenv, splitmix, unicode-show, utf8-string                                                                                                         [0msplitmix          > Configuring splitmix-0.1.0.4...[0m
Progress 2/20: call-stack, colour, hspec-discover, primitive, setenv, splitmix, unicode-show, utf8-string                                                                                                         [0msetenv            > Registering library for setenv-0.1.1.3..[0m
Progress 2/20: call-stack, colour, hspec-discover, primitive, setenv, splitmix, unicode-show, utf8-string                                                                                                         [0mhspec-discover    > copy/register[0m
Progress 2/20: call-stack, colour, hspec-discover, primitive, setenv, splitmix, unicode-show, utf8-string                                                                                                         [0mhspec-discover    > Installing library in /home/saya/.stack/snapshots/x86_64-linux-tinfo6/be841925a279f5180aa0bc7104f1e64adcac540856b5b65d79e60763d4be4cda/8.10.7/lib/x86_64-linux-ghc-8.10.7/hspec-discover-2.7.10-3LwQypLGw3GL4mCgTTC0gJ[0m
Progress 2/20: call-stack, colour, hspec-discover, primitive, setenv, splitmix, unicode-show, utf8-string                                                                                                         [0mhspec-discover    > Installing executable hspec-discover in /home/saya/.stack/snapshots/x86_64-linux-tinfo6/be841925a279f5180aa0bc7104f1e64adcac540856b5b65d79e60763d4be4cda/8.10.7/bin[0m
Progress 2/20: call-stack, colour, hspec-discover, primitive, setenv, splitmix, unicode-show, utf8-string                                                                                                         Progress 3/20: call-stack, colour, hspec-discover, primitive, splitmix, unicode-show, utf8-string                                                                                                 [0mhspec-discover    > Registering library for hspec-discover-2.7.10..[0m
Progress 3/20: call-stack, colour, hspec-discover, primitive, splitmix, unicode-show, utf8-string                                                                                                 [0mcolour            > [12 of 14] Compiling Data.Colour[0m
Progress 3/20: call-stack, colour, hspec-discover, primitive, splitmix, unicode-show, utf8-string                                                                                                 [0msplitmix          > build[0m
Progress 3/20: call-stack, colour, hspec-discover, primitive, splitmix, unicode-show, utf8-string                                                                                                 [0msplitmix          > Preprocessing library for splitmix-0.1.0.4..[0m
Progress 3/20: call-stack, colour, hspec-discover, primitive, splitmix, unicode-show, utf8-string                                                                                                 [0msplitmix          > Building library for splitmix-0.1.0.4..[0m
Progress 3/20: call-stack, colour, hspec-discover, primitive, splitmix, unicode-show, utf8-string                                                                                                 Progress 4/20: call-stack, colour, primitive, splitmix, unicode-show, utf8-string                                                                                 [0mcall-stack        > configure[0m
Progress 4/20: call-stack, colour, primitive, splitmix, unicode-show, utf8-string                                                                                 [0msplitmix          > [1 of 4] Compiling Data.Bits.Compat[0m
Progress 4/20: call-stack, colour, primitive, splitmix, unicode-show, utf8-string                                                                                 [0msplitmix          > [2 of 4] Compiling System.Random.SplitMix.Init[0m
Progress 4/20: call-stack, colour, primitive, splitmix, unicode-show, utf8-string                                                                                 [0mcolour            > [13 of 14] Compiling Data.Colour.Names[0m
Progress 4/20: call-stack, colour, primitive, splitmix, unicode-show, utf8-string                                                                                 [0msplitmix          > [3 of 4] Compiling System.Random.SplitMix[0m
Progress 4/20: call-stack, colour, primitive, splitmix, unicode-show, utf8-string                                                                                 [0mcall-stack        > Configuring call-stack-0.3.0...[0m
Progress 4/20: call-stack, colour, primitive, splitmix, unicode-show, utf8-string                                                                                 [0mcall-stack        > build[0m
Progress 4/20: call-stack, colour, primitive, splitmix, unicode-show, utf8-string                                                                                 [0mutf8-string       > configure[0m
Progress 4/20: call-stack, colour, primitive, splitmix, unicode-show, utf8-string                                                                                 [0mcall-stack        > Preprocessing library for call-stack-0.3.0..[0m
Progress 4/20: call-stack, colour, primitive, splitmix, unicode-show, utf8-string                                                                                 [0mcall-stack        > Building library for call-stack-0.3.0..[0m
Progress 4/20: call-stack, colour, primitive, splitmix, unicode-show, utf8-string                                                                                 [0mcall-stack        > [1 of 3] Compiling Data.SrcLoc[0m
Progress 4/20: call-stack, colour, primitive, splitmix, unicode-show, utf8-string                                                                                 [0mcall-stack        > [2 of 3] Compiling Data.CallStack[0m
Progress 4/20: call-stack, colour, primitive, splitmix, unicode-show, utf8-string                                                                                 [0msplitmix          > [4 of 4] Compiling System.Random.SplitMix32[0m
Progress 4/20: call-stack, colour, primitive, splitmix, unicode-show, utf8-string                                                                                 [0mcall-stack        > [3 of 3] Compiling Paths_call_stack[0m
Progress 4/20: call-stack, colour, primitive, splitmix, unicode-show, utf8-string                                                                                 [0mutf8-string       > Configuring utf8-string-1.0.2...[0m
Progress 4/20: call-stack, colour, primitive, splitmix, unicode-show, utf8-string                                                                                 [0mutf8-string       > build[0m
Progress 4/20: call-stack, colour, primitive, splitmix, unicode-show, utf8-string                                                                                 [0municode-show      > configure[0m
Progress 4/20: call-stack, colour, primitive, splitmix, unicode-show, utf8-string                                                                                 [0mutf8-string       > Preprocessing library for utf8-string-1.0.2..[0m
Progress 4/20: call-stack, colour, primitive, splitmix, unicode-show, utf8-string                                                                                 [0mutf8-string       > Building library for utf8-string-1.0.2..[0m
Progress 4/20: call-stack, colour, primitive, splitmix, unicode-show, utf8-string                                                                                 [0mcall-stack        > copy/register[0m
Progress 4/20: call-stack, colour, primitive, splitmix, unicode-show, utf8-string                                                                                 [0mcall-stack        > Installing library in /home/saya/.stack/snapshots/x86_64-linux-tinfo6/be841925a279f5180aa0bc7104f1e64adcac540856b5b65d79e60763d4be4cda/8.10.7/lib/x86_64-linux-ghc-8.10.7/call-stack-0.3.0-7pVkO7EyIfwF2lorHgBZ1Z[0m
Progress 4/20: call-stack, colour, primitive, splitmix, unicode-show, utf8-string                                                                                 [0mutf8-string       > [1 of 5] Compiling Codec.Binary.UTF8.String[0m
Progress 4/20: call-stack, colour, primitive, splitmix, unicode-show, utf8-string                                                                                 [0mcall-stack        > Registering library for call-stack-0.3.0..[0m
Progress 4/20: call-stack, colour, primitive, splitmix, unicode-show, utf8-string                                                                                 Progress 5/20: HUnit, colour, primitive, splitmix, unicode-show, utf8-string                                                                            [0mprimitive         > [ 3 of 12] Compiling Data.Primitive.MVar[0m
Progress 5/20: HUnit, colour, primitive, splitmix, unicode-show, utf8-string                                                                            [0mprimitive         > [ 4 of 12] Compiling Data.Primitive.MachDeps[0m
Progress 5/20: HUnit, colour, primitive, splitmix, unicode-show, utf8-string                                                                            [0mprimitive         > [ 5 of 12] Compiling Data.Primitive.Internal.Operations[0m
Progress 5/20: HUnit, colour, primitive, splitmix, unicode-show, utf8-string                                                                            [0municode-show      > Configuring unicode-show-0.1.1.0...[0m
Progress 5/20: HUnit, colour, primitive, splitmix, unicode-show, utf8-string                                                                            [0msplitmix          > copy/register[0m
Progress 5/20: HUnit, colour, primitive, splitmix, unicode-show, utf8-string                                                                            [0msplitmix          > Installing library in /home/saya/.stack/snapshots/x86_64-linux-tinfo6/be841925a279f5180aa0bc7104f1e64adcac540856b5b65d79e60763d4be4cda/8.10.7/lib/x86_64-linux-ghc-8.10.7/splitmix-0.1.0.4-Udb1gWOWPT4ftIqVxSbTF[0m
Progress 5/20: HUnit, colour, primitive, splitmix, unicode-show, utf8-string                                                                            [0municode-show      > build[0m
Progress 5/20: HUnit, colour, primitive, splitmix, unicode-show, utf8-string                                                                            [0municode-show      > Preprocessing library for unicode-show-0.1.1.0..[0m
Progress 5/20: HUnit, colour, primitive, splitmix, unicode-show, utf8-string                                                                            [0municode-show      > Building library for unicode-show-0.1.1.0..[0m
Progress 5/20: HUnit, colour, primitive, splitmix, unicode-show, utf8-string                                                                            [0municode-show      > [1 of 1] Compiling Text.Show.Unicode[0m
Progress 5/20: HUnit, colour, primitive, splitmix, unicode-show, utf8-string                                                                            [0mutf8-string       > [2 of 5] Compiling Codec.Binary.UTF8.Generic[0m
Progress 5/20: HUnit, colour, primitive, splitmix, unicode-show, utf8-string                                                                            [0msplitmix          > Registering library for splitmix-0.1.0.4..[0m
Progress 5/20: HUnit, colour, primitive, splitmix, unicode-show, utf8-string                                                                            [0mprimitive         > [ 6 of 12] Compiling Data.Primitive.MutVar[0m
Progress 5/20: HUnit, colour, primitive, splitmix, unicode-show, utf8-string                                                                            Progress 6/20: HUnit, colour, primitive, random, unicode-show, utf8-string                                                                          [0mprimitive         > [ 7 of 12] Compiling Data.Primitive.SmallArray[0m
Progress 6/20: HUnit, colour, primitive, random, unicode-show, utf8-string                                                                          [0mcolour            > [14 of 14] Compiling Data.Colour.CIE[0m
Progress 6/20: HUnit, colour, primitive, random, unicode-show, utf8-string                                                                          [0municode-show      > copy/register[0m
Progress 6/20: HUnit, colour, primitive, random, unicode-show, utf8-string                                                                          [0municode-show      > Installing library in /home/saya/.stack/snapshots/x86_64-linux-tinfo6/be841925a279f5180aa0bc7104f1e64adcac540856b5b65d79e60763d4be4cda/8.10.7/lib/x86_64-linux-ghc-8.10.7/unicode-show-0.1.1.0-5JBzLlTthlhAVUJgwEaRj2[0m
Progress 6/20: HUnit, colour, primitive, random, unicode-show, utf8-string                                                                          [0municode-show      > Registering library for unicode-show-0.1.1.0..[0m
Progress 6/20: HUnit, colour, primitive, random, unicode-show, utf8-string                                                                          Progress 7/20: HUnit, colour, primitive, random, utf8-string                                                            [0mcolour            > copy/register[0m
Progress 7/20: HUnit, colour, primitive, random, utf8-string                                                            [0mcolour            > Installing library in /home/saya/.stack/snapshots/x86_64-linux-tinfo6/be841925a279f5180aa0bc7104f1e64adcac540856b5b65d79e60763d4be4cda/8.10.7/lib/x86_64-linux-ghc-8.10.7/colour-2.3.6-2cl6zeh1tuv4LM4jVThjAx[0m
Progress 7/20: HUnit, colour, primitive, random, utf8-string                                                            [0mcolour            > Registering library for colour-2.3.6..[0m
Progress 7/20: HUnit, colour, primitive, random, utf8-string                                                            [0mutf8-string       > [3 of 5] Compiling Data.ByteString.Lazy.UTF8[0m
Progress 7/20: HUnit, colour, primitive, random, utf8-string                                                            Progress 8/20: HUnit, ansi-terminal, primitive, random, utf8-string                                                                   [0mHUnit             > configure[0m
Progress 8/20: HUnit, ansi-terminal, primitive, random, utf8-string                                                                   [0mutf8-string       > [4 of 5] Compiling Data.ByteString.UTF8[0m
Progress 8/20: HUnit, ansi-terminal, primitive, random, utf8-string                                                                   [0mprimitive         > [ 8 of 12] Compiling Data.Primitive.Types[0m
Progress 8/20: HUnit, ansi-terminal, primitive, random, utf8-string                                                                   [0mutf8-string       > [5 of 5] Compiling Data.String.UTF8[0m
Progress 8/20: HUnit, ansi-terminal, primitive, random, utf8-string                                                                   [0mHUnit             > Configuring HUnit-1.6.2.0...[0m
Progress 8/20: HUnit, ansi-terminal, primitive, random, utf8-string                                                                   [0mHUnit             > build[0m
Progress 8/20: HUnit, ansi-terminal, primitive, random, utf8-string                                                                   [0mHUnit             > Preprocessing library for HUnit-1.6.2.0..[0m
Progress 8/20: HUnit, ansi-terminal, primitive, random, utf8-string                                                                   [0mHUnit             > Building library for HUnit-1.6.2.0..[0m
Progress 8/20: HUnit, ansi-terminal, primitive, random, utf8-string                                                                   [0mutf8-string       > copy/register[0m
Progress 8/20: HUnit, ansi-terminal, primitive, random, utf8-string                                                                   [0mutf8-string       > Installing library in /home/saya/.stack/snapshots/x86_64-linux-tinfo6/be841925a279f5180aa0bc7104f1e64adcac540856b5b65d79e60763d4be4cda/8.10.7/lib/x86_64-linux-ghc-8.10.7/utf8-string-1.0.2-Dcs5HO3nG6SCnaLrgefWwG[0m
Progress 8/20: HUnit, ansi-terminal, primitive, random, utf8-string                                                                   [0mHUnit             > [1 of 6] Compiling Paths_HUnit[0m
Progress 8/20: HUnit, ansi-terminal, primitive, random, utf8-string                                                                   [0mutf8-string       > Registering library for utf8-string-1.0.2..[0m
Progress 8/20: HUnit, ansi-terminal, primitive, random, utf8-string                                                                   [0mrandom            > configure[0m
Progress 8/20: HUnit, ansi-terminal, primitive, random, utf8-string                                                                   [0mHUnit             > [2 of 6] Compiling Test.HUnit.Lang[0m
Progress 8/20: HUnit, ansi-terminal, primitive, random, utf8-string                                                                   Progress 9/20: HUnit, ansi-terminal, primitive, random                                                      [0mprimitive         > [ 9 of 12] Compiling Data.Primitive.ByteArray[0m
Progress 9/20: HUnit, ansi-terminal, primitive, random                                                      [0mHUnit             > [3 of 6] Compiling Test.HUnit.Base[0m
Progress 9/20: HUnit, ansi-terminal, primitive, random                                                      [0mrandom            > Configuring random-1.2.0...[0m
Progress 9/20: HUnit, ansi-terminal, primitive, random                                                      [0mrandom            > build[0m
Progress 9/20: HUnit, ansi-terminal, primitive, random                                                      [0mansi-terminal     > configure[0m
Progress 9/20: HUnit, ansi-terminal, primitive, random                                                      [0mrandom            > Preprocessing library for random-1.2.0..[0m
Progress 9/20: HUnit, ansi-terminal, primitive, random                                                      [0mrandom            > Building library for random-1.2.0..[0m
Progress 9/20: HUnit, ansi-terminal, primitive, random                                                      [0mrandom            > [1 of 3] Compiling System.Random.Internal[0m
Progress 9/20: HUnit, ansi-terminal, primitive, random                                                      [0mprimitive         > [10 of 12] Compiling Data.Primitive.PrimArray[0m
Progress 9/20: HUnit, ansi-terminal, primitive, random                                                      [0mansi-terminal     > Configuring ansi-terminal-0.11.1...[0m
Progress 9/20: HUnit, ansi-terminal, primitive, random                                                      [0mHUnit             > [4 of 6] Compiling Test.HUnit.Terminal[0m
Progress 9/20: HUnit, ansi-terminal, primitive, random                                                      [0mHUnit             > [5 of 6] Compiling Test.HUnit.Text[0m
Progress 9/20: HUnit, ansi-terminal, primitive, random                                                      [0mansi-terminal     > build[0m
Progress 9/20: HUnit, ansi-terminal, primitive, random                                                      [0mansi-terminal     > Preprocessing library for ansi-terminal-0.11.1..[0m
Progress 9/20: HUnit, ansi-terminal, primitive, random                                                      [0mansi-terminal     > Building library for ansi-terminal-0.11.1..[0m
Progress 9/20: HUnit, ansi-terminal, primitive, random                                                      [0mHUnit             > [6 of 6] Compiling Test.HUnit[0m
Progress 9/20: HUnit, ansi-terminal, primitive, random                                                      [0mansi-terminal     > [1 of 4] Compiling System.Console.ANSI.Types[0m
Progress 9/20: HUnit, ansi-terminal, primitive, random                                                      [0mHUnit             > copy/register[0m
Progress 9/20: HUnit, ansi-terminal, primitive, random                                                      [0mHUnit             > Installing library in /home/saya/.stack/snapshots/x86_64-linux-tinfo6/be841925a279f5180aa0bc7104f1e64adcac540856b5b65d79e60763d4be4cda/8.10.7/lib/x86_64-linux-ghc-8.10.7/HUnit-1.6.2.0-pZ2DzHy81437nxk32y5Fo[0m
Progress 9/20: HUnit, ansi-terminal, primitive, random                                                      [0mHUnit             > Registering library for HUnit-1.6.2.0..[0m
Progress 9/20: HUnit, ansi-terminal, primitive, random                                                      Progress 10/20: ansi-terminal, hspec-expectations, primitive, random                                                                    [0mhspec-expectations> configure[0m
Progress 10/20: ansi-terminal, hspec-expectations, primitive, random                                                                    [0mprimitive         > [11 of 12] Compiling Data.Primitive.Ptr[0m
Progress 10/20: ansi-terminal, hspec-expectations, primitive, random                                                                    [0mprimitive         > [12 of 12] Compiling Data.Primitive[0m
Progress 10/20: ansi-terminal, hspec-expectations, primitive, random                                                                    [0mhspec-expectations> Configuring hspec-expectations-0.8.2...[0m
Progress 10/20: ansi-terminal, hspec-expectations, primitive, random                                                                    [0mhspec-expectations> build[0m
Progress 10/20: ansi-terminal, hspec-expectations, primitive, random                                                                    [0mhspec-expectations> Preprocessing library for hspec-expectations-0.8.2..[0m
Progress 10/20: ansi-terminal, hspec-expectations, primitive, random                                                                    [0mhspec-expectations> Building library for hspec-expectations-0.8.2..[0m
Progress 10/20: ansi-terminal, hspec-expectations, primitive, random                                                                    [0mhspec-expectations> [1 of 4] Compiling Paths_hspec_expectations[0m
Progress 10/20: ansi-terminal, hspec-expectations, primitive, random                                                                    [0mprimitive         > copy/register[0m
Progress 10/20: ansi-terminal, hspec-expectations, primitive, random                                                                    [0mprimitive         > Installing library in /home/saya/.stack/snapshots/x86_64-linux-tinfo6/be841925a279f5180aa0bc7104f1e64adcac540856b5b65d79e60763d4be4cda/8.10.7/lib/x86_64-linux-ghc-8.10.7/primitive-0.7.3.0-HMedJdQUTCQ79SiIUfisnA[0m
Progress 10/20: ansi-terminal, hspec-expectations, primitive, random                                                                    [0mhspec-expectations> [2 of 4] Compiling Test.Hspec.Expectations.Contrib[0m
Progress 10/20: ansi-terminal, hspec-expectations, primitive, random                                                                    [0mhspec-expectations> [3 of 4] Compiling Test.Hspec.Expectations.Matcher[0m
Progress 10/20: ansi-terminal, hspec-expectations, primitive, random                                                                    [0mprimitive         > Registering library for primitive-0.7.3.0..[0m
Progress 10/20: ansi-terminal, hspec-expectations, primitive, random                                                                    [0mhspec-expectations> [4 of 4] Compiling Test.Hspec.Expectations[0m
Progress 10/20: ansi-terminal, hspec-expectations, primitive, random                                                                    Progress 11/20: ansi-terminal, hspec-expectations, random                                                         [0mhspec-expectations> copy/register[0m
Progress 11/20: ansi-terminal, hspec-expectations, random                                                         [0mhspec-expectations> Installing library in /home/saya/.stack/snapshots/x86_64-linux-tinfo6/be841925a279f5180aa0bc7104f1e64adcac540856b5b65d79e60763d4be4cda/8.10.7/lib/x86_64-linux-ghc-8.10.7/hspec-expectations-0.8.2-KhCBXXgLrJop2wmDTFmAN[0m
Progress 11/20: ansi-terminal, hspec-expectations, random                                                         [0mhspec-expectations> Registering library for hspec-expectations-0.8.2..[0m
Progress 11/20: ansi-terminal, hspec-expectations, random                                                         [0mrandom            > [2 of 3] Compiling System.Random[0m
Progress 11/20: ansi-terminal, hspec-expectations, random                                                         Progress 12/20: ansi-terminal, random                                     [0mansi-terminal     > [2 of 4] Compiling System.Console.ANSI.Codes[0m
Progress 12/20: ansi-terminal, random                                     [0mansi-terminal     > [3 of 4] Compiling System.Console.ANSI.Unix[0m
Progress 12/20: ansi-terminal, random                                     [0mansi-terminal     > [4 of 4] Compiling System.Console.ANSI[0m
Progress 12/20: ansi-terminal, random                                     [0mansi-terminal     > copy/register[0m
Progress 12/20: ansi-terminal, random                                     [0mansi-terminal     > Installing library in /home/saya/.stack/snapshots/x86_64-linux-tinfo6/be841925a279f5180aa0bc7104f1e64adcac540856b5b65d79e60763d4be4cda/8.10.7/lib/x86_64-linux-ghc-8.10.7/ansi-terminal-0.11.1-7Ay3GOLqEx054eLPVC3r8i[0m
Progress 12/20: ansi-terminal, random                                     [0mansi-terminal     > Registering library for ansi-terminal-0.11.1..[0m
Progress 12/20: ansi-terminal, random                                     Progress 13/20: random                      [0mrandom            > [3 of 3] Compiling System.Random.Stateful[0m
Progress 13/20: random                      [0mrandom            > copy/register[0m
Progress 13/20: random                      [0mrandom            > Installing library in /home/saya/.stack/snapshots/x86_64-linux-tinfo6/be841925a279f5180aa0bc7104f1e64adcac540856b5b65d79e60763d4be4cda/8.10.7/lib/x86_64-linux-ghc-8.10.7/random-1.2.0-GAV679NMk7iDELNoxF99p4[0m
Progress 13/20: random                      [0mrandom            > Registering library for random-1.2.0..[0m
Progress 13/20: random                      Progress 14/20: QuickCheck, tf-random                                     [0mQuickCheck        > configure[0m
Progress 14/20: QuickCheck, tf-random                                     [0mQuickCheck        > Configuring QuickCheck-2.14.2...[0m
Progress 14/20: QuickCheck, tf-random                                     [0mQuickCheck        > build[0m
Progress 14/20: QuickCheck, tf-random                                     [0mtf-random         > configure[0m
Progress 14/20: QuickCheck, tf-random                                     [0mQuickCheck        > Preprocessing library for QuickCheck-2.14.2..[0m
Progress 14/20: QuickCheck, tf-random                                     [0mQuickCheck        > Building library for QuickCheck-2.14.2..[0m
Progress 14/20: QuickCheck, tf-random                                     [0mQuickCheck        > [ 1 of 16] Compiling Test.QuickCheck.Exception[0m
Progress 14/20: QuickCheck, tf-random                                     [0mQuickCheck        > [ 2 of 16] Compiling Test.QuickCheck.Random[0m
Progress 14/20: QuickCheck, tf-random                                     [0mtf-random         > Configuring tf-random-0.5...[0m
Progress 14/20: QuickCheck, tf-random                                     [0mQuickCheck        > [ 3 of 16] Compiling Test.QuickCheck.Gen[0m
Progress 14/20: QuickCheck, tf-random                                     [0mtf-random         > build[0m
Progress 14/20: QuickCheck, tf-random                                     [0mtf-random         > Preprocessing library for tf-random-0.5..[0m
Progress 14/20: QuickCheck, tf-random                                     [0mtf-random         > Building library for tf-random-0.5..[0m
Progress 14/20: QuickCheck, tf-random                                     [0mtf-random         > [1 of 4] Compiling System.Random.TF.Gen[0m
Progress 14/20: QuickCheck, tf-random                                     [0mQuickCheck        > [ 4 of 16] Compiling Test.QuickCheck.Gen.Unsafe[0m
Progress 14/20: QuickCheck, tf-random                                     [0mQuickCheck        > [ 5 of 16] Compiling Test.QuickCheck.Arbitrary[0m
Progress 14/20: QuickCheck, tf-random                                     [0mtf-random         > [2 of 4] Compiling System.Random.TF.Init[0m
Progress 14/20: QuickCheck, tf-random                                     [0mtf-random         > [0m
Progress 14/20: QuickCheck, tf-random                                     [0mtf-random         > /tmp/stack-64ee89836f0c91a9/tf-random-0.5/[;1msrc/System/Random/TF/Init.hs:94:5: [;1m[35mwarning:[0m[0m[;1m [[;1m[35m-Wdeprecations[0m[0m[;1m][0m[0m[;1m[0m
Progress 14/20: QuickCheck, tf-random                                     [0mtf-random         >     In the use of ‘bitSize’ (imported from Data.Bits):[0m
Progress 14/20: QuickCheck, tf-random                                     [0mtf-random         >     Deprecated: "Use 'bitSizeMaybe' or 'finiteBitSize' instead"[0m[0m[0m
Progress 14/20: QuickCheck, tf-random                                     [0mtf-random         > [;1m[34m   |[0m[0m[0m
Progress 14/20: QuickCheck, tf-random                                     [0mtf-random         > [;1m[34m94 |[0m[0m   | [;1m[35mbitSize[0m[0m n > 64 = error "mkTFGen: case where size of Int > 64 not implemented"[0m
Progress 14/20: QuickCheck, tf-random                                     [0mtf-random         > [;1m[34m   |[0m[0m[;1m[35m     ^^^^^^^[0m[0m[0m
Progress 14/20: QuickCheck, tf-random                                     [0mtf-random         > [3 of 4] Compiling System.Random.TF[0m
Progress 14/20: QuickCheck, tf-random                                     [0mtf-random         > [4 of 4] Compiling System.Random.TF.Instances[0m
Progress 14/20: QuickCheck, tf-random                                     [0mtf-random         > [0m[0m[0m[0m
Progress 14/20: QuickCheck, tf-random                                     [0mtf-random         > copy/register[0m
Progress 14/20: QuickCheck, tf-random                                     [0mtf-random         > Installing library in /home/saya/.stack/snapshots/x86_64-linux-tinfo6/be841925a279f5180aa0bc7104f1e64adcac540856b5b65d79e60763d4be4cda/8.10.7/lib/x86_64-linux-ghc-8.10.7/tf-random-0.5-LSHIVYu6t7B1rUhQU3HnbS[0m
Progress 14/20: QuickCheck, tf-random                                     [0mtf-random         > Registering library for tf-random-0.5..[0m
Progress 14/20: QuickCheck, tf-random                                     Progress 15/20: QuickCheck                          [0mQuickCheck        > [ 6 of 16] Compiling Test.QuickCheck.Poly[0m
Progress 15/20: QuickCheck                          [0mQuickCheck        > [ 7 of 16] Compiling Test.QuickCheck.Modifiers[0m
Progress 15/20: QuickCheck                          [0mQuickCheck        > [ 8 of 16] Compiling Test.QuickCheck.Function[0m
Progress 15/20: QuickCheck                          [0mQuickCheck        > [ 9 of 16] Compiling Test.QuickCheck.Text[0m
Progress 15/20: QuickCheck                          [0mQuickCheck        > [10 of 16] Compiling Test.QuickCheck.State[0m
Progress 15/20: QuickCheck                          [0mQuickCheck        > [11 of 16] Compiling Test.QuickCheck.Property[0m
Progress 15/20: QuickCheck                          [0mQuickCheck        > [12 of 16] Compiling Test.QuickCheck.Test[0m
Progress 15/20: QuickCheck                          [0mQuickCheck        > [13 of 16] Compiling Test.QuickCheck.Monadic[0m
Progress 15/20: QuickCheck                          [0mQuickCheck        > [14 of 16] Compiling Test.QuickCheck.All[0m
Progress 15/20: QuickCheck                          [0mQuickCheck        > [15 of 16] Compiling Test.QuickCheck.Features[0m
Progress 15/20: QuickCheck                          [0mQuickCheck        > [16 of 16] Compiling Test.QuickCheck[0m
Progress 15/20: QuickCheck                          [0mQuickCheck        > copy/register[0m
Progress 15/20: QuickCheck                          [0mQuickCheck        > Installing library in /home/saya/.stack/snapshots/x86_64-linux-tinfo6/be841925a279f5180aa0bc7104f1e64adcac540856b5b65d79e60763d4be4cda/8.10.7/lib/x86_64-linux-ghc-8.10.7/QuickCheck-2.14.2-9znbJPXXIAU5zq9aq8lWOx[0m
Progress 15/20: QuickCheck                          [0mQuickCheck        > Registering library for QuickCheck-2.14.2..[0m
Progress 15/20: QuickCheck                          Progress 16/20: quickcheck-io                             [0mquickcheck-io     > configure[0m
Progress 16/20: quickcheck-io                             [0mquickcheck-io     > Configuring quickcheck-io-0.2.0...[0m
Progress 16/20: quickcheck-io                             [0mquickcheck-io     > build[0m
Progress 16/20: quickcheck-io                             [0mquickcheck-io     > Preprocessing library for quickcheck-io-0.2.0..[0m
Progress 16/20: quickcheck-io                             [0mquickcheck-io     > Building library for quickcheck-io-0.2.0..[0m
Progress 16/20: quickcheck-io                             [0mquickcheck-io     > [1 of 2] Compiling Paths_quickcheck_io[0m
Progress 16/20: quickcheck-io                             [0mquickcheck-io     > [2 of 2] Compiling Test.QuickCheck.IO[0m
Progress 16/20: quickcheck-io                             [0mquickcheck-io     > copy/register[0m
Progress 16/20: quickcheck-io                             [0mquickcheck-io     > Installing library in /home/saya/.stack/snapshots/x86_64-linux-tinfo6/be841925a279f5180aa0bc7104f1e64adcac540856b5b65d79e60763d4be4cda/8.10.7/lib/x86_64-linux-ghc-8.10.7/quickcheck-io-0.2.0-DABK57to2wM2sqyJoX6nBo[0m
Progress 16/20: quickcheck-io                             [0mquickcheck-io     > Registering library for quickcheck-io-0.2.0..[0m
Progress 16/20: quickcheck-io                             Progress 17/20: hspec-core                          [0mhspec-core        > configure[0m
Progress 17/20: hspec-core                          [0mhspec-core        > Configuring hspec-core-2.7.10...[0m
Progress 17/20: hspec-core                          [0mhspec-core        > build[0m
Progress 17/20: hspec-core                          [0mhspec-core        > Preprocessing library for hspec-core-2.7.10..[0m
Progress 17/20: hspec-core                          [0mhspec-core        > Building library for hspec-core-2.7.10..[0m
Progress 17/20: hspec-core                          [0mhspec-core        > [ 1 of 28] Compiling Control.Concurrent.Async[0m
Progress 17/20: hspec-core                          [0mhspec-core        > [ 2 of 28] Compiling Data.Algorithm.Diff[0m
Progress 17/20: hspec-core                          [0mhspec-core        > [ 3 of 28] Compiling Paths_hspec_core[0m
Progress 17/20: hspec-core                          [0mhspec-core        > [ 4 of 28] Compiling Test.Hspec.Core.Clock[0m
Progress 17/20: hspec-core                          [0mhspec-core        > [ 5 of 28] Compiling Test.Hspec.Core.Compat[0m
Progress 17/20: hspec-core                          [0mhspec-core        > [ 6 of 28] Compiling Test.Hspec.Core.Example.Location[0m
Progress 17/20: hspec-core                          [0mhspec-core        > [ 7 of 28] Compiling Test.Hspec.Core.Formatters.Diff[0m
Progress 17/20: hspec-core                          [0mhspec-core        > [ 8 of 28] Compiling Test.Hspec.Core.Formatters.Free[0m
Progress 17/20: hspec-core                          [0mhspec-core        > [ 9 of 28] Compiling Test.Hspec.Core.Timer[0m
Progress 17/20: hspec-core                          [0mhspec-core        > [10 of 28] Compiling Test.Hspec.Core.Util[0m
Progress 17/20: hspec-core                          [0mhspec-core        > [11 of 28] Compiling Test.Hspec.Core.QuickCheckUtil[0m
Progress 17/20: hspec-core                          [0mhspec-core        > [12 of 28] Compiling Test.Hspec.Core.Example[0m
Progress 17/20: hspec-core                          [0mhspec-core        > [13 of 28] Compiling Test.Hspec.Core.Tree[0m
Progress 17/20: hspec-core                          [0mhspec-core        > [14 of 28] Compiling Test.Hspec.Core.Shuffle[0m
Progress 17/20: hspec-core                          [0mhspec-core        > [15 of 28] Compiling Test.Hspec.Core.Spec.Monad[0m
Progress 17/20: hspec-core                          [0mhspec-core        > [16 of 28] Compiling Test.Hspec.Core.Hooks[0m
Progress 17/20: hspec-core                          [0mhspec-core        > [17 of 28] Compiling Test.Hspec.Core.Spec[0m
Progress 17/20: hspec-core                          [0mhspec-core        > [18 of 28] Compiling Test.Hspec.Core.QuickCheck[0m
Progress 17/20: hspec-core                          [0mhspec-core        > [19 of 28] Compiling Test.Hspec.Core.Formatters.Monad[0m
Progress 17/20: hspec-core                          [0mhspec-core        > [20 of 28] Compiling Test.Hspec.Core.Formatters[0m
Progress 17/20: hspec-core                          [0mhspec-core        > [21 of 28] Compiling Test.Hspec.Core.Format[0m
Progress 17/20: hspec-core                          [0mhspec-core        > [22 of 28] Compiling Test.Hspec.Core.Runner.Eval[0m
Progress 17/20: hspec-core                          [0mhspec-core        > [23 of 28] Compiling Test.Hspec.Core.Formatters.Internal[0m
Progress 17/20: hspec-core                          [0mhspec-core        > [24 of 28] Compiling Test.Hspec.Core.Config.Util[0m
Progress 17/20: hspec-core                          [0mhspec-core        > [25 of 28] Compiling Test.Hspec.Core.Config.Options[0m
Progress 17/20: hspec-core                          [0mhspec-core        > [26 of 28] Compiling Test.Hspec.Core.FailureReport[0m
Progress 17/20: hspec-core                          [0mhspec-core        > [27 of 28] Compiling Test.Hspec.Core.Config[0m
Progress 17/20: hspec-core                          [0mhspec-core        > [28 of 28] Compiling Test.Hspec.Core.Runner[0m
Progress 17/20: hspec-core                          [0mhspec-core        > copy/register[0m
Progress 17/20: hspec-core                          [0mhspec-core        > Installing library in /home/saya/.stack/snapshots/x86_64-linux-tinfo6/be841925a279f5180aa0bc7104f1e64adcac540856b5b65d79e60763d4be4cda/8.10.7/lib/x86_64-linux-ghc-8.10.7/hspec-core-2.7.10-H7oHPDwSwDmIYbmXnwJhQp[0m
Progress 17/20: hspec-core                          [0mhspec-core        > Registering library for hspec-core-2.7.10..[0m
Progress 17/20: hspec-core                          Progress 18/20: hspec                     [0mhspec             > configure[0m
Progress 18/20: hspec                     [0mhspec             > Configuring hspec-2.7.10...[0m
Progress 18/20: hspec                     [0mhspec             > build[0m
Progress 18/20: hspec                     [0mhspec             > Preprocessing library for hspec-2.7.10..[0m
Progress 18/20: hspec                     [0mhspec             > Building library for hspec-2.7.10..[0m
Progress 18/20: hspec                     [0mhspec             > [1 of 6] Compiling Paths_hspec[0m
Progress 18/20: hspec                     [0mhspec             > [2 of 6] Compiling Test.Hspec.Formatters[0m
Progress 18/20: hspec                     [0mhspec             > [3 of 6] Compiling Test.Hspec.Discover[0m
Progress 18/20: hspec                     [0mhspec             > [4 of 6] Compiling Test.Hspec.Runner[0m
Progress 18/20: hspec                     [0mhspec             > [5 of 6] Compiling Test.Hspec[0m
Progress 18/20: hspec                     [0mhspec             > [6 of 6] Compiling Test.Hspec.QuickCheck[0m
Progress 18/20: hspec                     [0mhspec             > copy/register[0m
Progress 18/20: hspec                     [0mhspec             > Installing library in /home/saya/.stack/snapshots/x86_64-linux-tinfo6/be841925a279f5180aa0bc7104f1e64adcac540856b5b65d79e60763d4be4cda/8.10.7/lib/x86_64-linux-ghc-8.10.7/hspec-2.7.10-5p0HVzmV9VuBmjJjxYx4EP[0m
Progress 18/20: hspec                     [0mhspec             > Registering library for hspec-2.7.10..[0m
Progress 18/20: hspec                     [0mBuilding all executables for `cs2022' once. After a successful build of all of them, only specified executables will be rebuilt.[0m
Progress 18/20: hspec                     [0mcs2022            > configure (lib + exe)[0m
Progress 18/20: hspec                     Progress 19/20: cs2022                      [0mConfiguring cs2022-0.1.0.0...[0m
Progress 19/20: cs2022                      [0mcs2022            > build (lib + exe)[0m
Progress 19/20: cs2022                      [0mPreprocessing library for cs2022-0.1.0.0..[0m
Progress 19/20: cs2022                      [0mBuilding library for cs2022-0.1.0.0..[0m
Progress 19/20: cs2022                      [0m[1 of 2] Compiling Lib[0m
Progress 19/20: cs2022                      [0m[2 of 2] Compiling Paths_cs2022[0m
Progress 19/20: cs2022                      [0mPreprocessing executable 'cs2022' for cs2022-0.1.0.0..[0m
Progress 19/20: cs2022                      [0mBuilding executable 'cs2022' for cs2022-0.1.0.0..[0m
Progress 19/20: cs2022                      [0m[1 of 2] Compiling Main[0m
Progress 19/20: cs2022                      [0m[2 of 2] Compiling Paths_cs2022[0m
Progress 19/20: cs2022                      [0mLinking .stack-work/dist/x86_64-linux-tinfo6/Cabal-3.2.1.0/build/cs2022/cs2022 ...[0m
Progress 19/20: cs2022                      [0mcs2022            > copy/register[0m
Progress 19/20: cs2022                      [0mInstalling library in /home/saya/cs2022/.stack-work/install/x86_64-linux-tinfo6/be841925a279f5180aa0bc7104f1e64adcac540856b5b65d79e60763d4be4cda/8.10.7/lib/x86_64-linux-ghc-8.10.7/cs2022-0.1.0.0-BUCyn38qLb36zUXpKHew9j[0m
Progress 19/20: cs2022                      [0mInstalling executable cs2022 in /home/saya/cs2022/.stack-work/install/x86_64-linux-tinfo6/be841925a279f5180aa0bc7104f1e64adcac540856b5b65d79e60763d4be4cda/8.10.7/bin[0m
Progress 19/20: cs2022                      [0mRegistering library for cs2022-0.1.0.0..[0m
Progress 19/20: cs2022                      [0mCompleted 20 action(s).[0m
]0;saya@LAPTOP-88RLC3EG: ~/cs2022[01;32msaya@LAPTOP-88RLC3EG[00m:[01;34m~/cs2022[00m$ [K]0;saya@LAPTOP-88RLC3EG: ~/cs2022[01;32msaya@LAPTOP-88RLC3EG[00m:[01;34m~/cs2022[00m$ [K]0;saya@LAPTOP-88RLC3EG: ~/cs2022[01;32msaya@LAPTOP-88RLC3EG[00m:[01;34m~/cs2022[00m$ [K]0;saya@LAPTOP-88RLC3EG: ~/cs2022[01;32msaya@LAPTOP-88RLC3EG[00m:[01;34m~/cs2022[00m$ [K]0;saya@LAPTOP-88RLC3EG: ~/cs2022[01;32msaya@LAPTOP-88RLC3EG[00m:[01;34m~/cs2022[00m$ [K]0;saya@LAPTOP-88RLC3EG: ~/cs2022[01;32msaya@LAPTOP-88RLC3EG[00m:[01;34m~/cs2022[00m$ [K]0;saya@LAPTOP-88RLC3EG: ~/cs2022[01;32msaya@LAPTOP-88RLC3EG[00m:[01;34m~/cs2022[00m$ [K]0;saya@LAPTOP-88RLC3EG: ~/cs2022[01;32msaya@LAPTOP-88RLC3EG[00m:[01;34m~/cs2022[00m$ Script started on 2022-09-19 12:04:29+09:00 [TERM="xterm-256color" TTY="/dev/pts/3" COLUMNS="138" LINES="22"]
]0;saya@LAPTOP-88RLC3EG: ~/cs2022[01;32msaya@LAPTOP-88RLC3EG[00m:[01;34m~/cs2022[00m$ sudo apt update; sudo apt upgrade -y[K[K[K[K[K[K[K[K[K[K[K[K[K[K[K[K[K[K[K[K[K[K[K[K[K[K[K[K[K[K[K[K[K[K[K[Kbegin
Script started, file is programming_session.log
Script started on 2022-09-19 12:05:52+09:00 [TERM="xterm-256color" TTY="/dev/pts/4" COLUMNS="138" LINES="22"]
]0;saya@LAPTOP-88RLC3EG: ~/cs2022[01;32msaya@LAPTOP-88RLC3EG[00m:[01;34m~/cs2022[00m$ ]0;saya@LAPTOP-88RLC3EG: ~/cs2022[01;32msaya@LAPTOP-88RLC3EG[00m:[01;34m~/cs2022[00m$ ddssttaakkuu[K[K[K[K[K[K[K[K[K[K[K[Kssttaacckk  bbuuiillss[K[Kdd

[0mcs2022-0.1.0.0: unregistering (local file changes: cs2022.cabal src/TemplateAlgo.hs)[0m
[0mcs2022-0.1.0.0: unregistering (local file changes: cs2022.cabal src/TemplateAlgo.hs)[0m
[0mcs2022> configure (lib + exe)[0m
[0mcs2022> configure (lib + exe)[0m
[0mConfiguring cs2022-0.1.0.0...[0m
[0mConfiguring cs2022-0.1.0.0...[0m
[0mcs2022> build (lib + exe)[0m
[0mcs2022> build (lib + exe)[0m
[0mPreprocessing library for cs2022-0.1.0.0..[0m
[0mBuilding library for cs2022-0.1.0.0..[0m
[0mPreprocessing library for cs2022-0.1.0.0..[0m
[0mBuilding library for cs2022-0.1.0.0..[0m
[0m[0m
[0m[0m
[0m/home/saya/cs2022/[;1msrc/TemplateAlgo.hs:1:8: [;1m[31merror:[0m[0m[;1m[0m[0m[;1m[0m
[0m    File name does not match module name:[0m
[0m    Saw: ‘TemeplateAlgo’[0m
[0m    Expected: ‘TemplateAlgo’[0m[0m[0m
[0m[;1m[34m  |[0m[0m[0m
[0m[;1m[34m1 |[0m[0m module [;1m[31mTemeplateAlgo[0m[0m where[0m
[0m/home/saya/cs2022/[;1msrc/TemplateAlgo.hs:1:8: [;1m[31merror:[0m[0m[;1m[0m[0m[;1m[0m
[0m    File name does not match module name:[0m
[0m    Saw: ‘TemeplateAlgo’[0m
[0m[;1m[34m  |[0m[0m[;1m[31m        ^^^^^^^^^^^^^[0m[0m[0m
[0m    Expected: ‘TemplateAlgo’[0m[0m[0m
[0m[;1m[34m  |[0m[0m[0m
[0m[;1m[34m1 |[0m[0m module [;1m[31mTemeplateAlgo[0m[0m where[0m
[0m[;1m[34m  |[0m[0m[;1m[31m        ^^^^^^^^^^^^^[0m[0m[0m
[0m[0m[0m[0m[0m
[0m[0m[0m[0m[0m
[0m
--  While building package cs2022-0.1.0.0 (scroll up to its section to see the error) using:
      /home/saya/.stack/setup-exe-cache/x86_64-linux-tinfo6/Cabal-simple_mPHDZzAJ_3.2.1.0_ghc-8.10.7 --builddir=.stack-work/dist/x86_64-linux-tinfo6/Cabal-3.2.1.0 build lib:cs2022 exe:cs2022 --ghc-options " -fdiagnostics-color=always"
    Process exited with code: ExitFailure 1[0m
[0m
--  While building package cs2022-0.1.0.0 (scroll up to its section to see the error) using:
      /home/saya/.stack/setup-exe-cache/x86_64-linux-tinfo6/Cabal-simple_mPHDZzAJ_3.2.1.0_ghc-8.10.7 --builddir=.stack-work/dist/x86_64-linux-tinfo6/Cabal-3.2.1.0 build lib:cs2022 exe:cs2022 --ghc-options " -fdiagnostics-color=always"
    Process exited with code: ExitFailure 1[0m
]0;saya@LAPTOP-88RLC3EG: ~/cs2022[01;32msaya@LAPTOP-88RLC3EG[00m:[01;34m~/cs2022[00m$ ]0;saya@LAPTOP-88RLC3EG: ~/cs2022[01;32msaya@LAPTOP-88RLC3EG[00m:[01;34m~/cs2022[00m$ stack buildstack build

[0mcs2022> build (lib + exe)[0m
[0mcs2022> build (lib + exe)[0m
[0mPreprocessing library for cs2022-0.1.0.0..[0m
[0mBuilding library for cs2022-0.1.0.0..[0m
[0mPreprocessing library for cs2022-0.1.0.0..[0m
[0mBuilding library for cs2022-0.1.0.0..[0m
[0m[3 of 3] Compiling TemplateAlgo[0m
[0m[3 of 3] Compiling TemplateAlgo[0m
[0m[0m
[0m[0m
[0m/home/saya/cs2022/[;1msrc/TemplateAlgo.hs:8:3: [;1m[31merror:[0m[0m[;1m[0m[0m[;1m parse error on input ‘->’[0m[0m[0m
[0m/home/saya/cs2022/[;1msrc/TemplateAlgo.hs:8:3: [;1m[31merror:[0m[0m[;1m[0m[0m[;1m parse error on input ‘->’[0m[0m[0m
[0m[;1m[34m  |[0m[0m[0m
[0m[;1m[34m  |[0m[0m[0m
[0m[;1m[34m8 |[0m[0m _ [;1m[31m->[0m[0m undefined[0m
[0m[;1m[34m8 |[0m[0m _ [;1m[31m->[0m[0m undefined[0m
[0m[;1m[34m  |[0m[0m[;1m[31m   ^^[0m[0m[0m
[0m[;1m[34m  |[0m[0m[;1m[31m   ^^[0m[0m[0m
[0m[0m[0m[0m[0m
[0m[0m[0m[0m[0m
[0m
--  While building package cs2022-0.1.0.0 (scroll up to its section to see the error) using:
      /home/saya/.stack/setup-exe-cache/x86_64-linux-tinfo6/Cabal-simple_mPHDZzAJ_3.2.1.0_ghc-8.10.7 --builddir=.stack-work/dist/x86_64-linux-tinfo6/Cabal-3.2.1.0 build lib:cs2022 exe:cs2022 --ghc-options " -fdiagnostics-color=always"
    Process exited with code: ExitFailure 1[0m
[0m
--  While building package cs2022-0.1.0.0 (scroll up to its section to see the error) using:
      /home/saya/.stack/setup-exe-cache/x86_64-linux-tinfo6/Cabal-simple_mPHDZzAJ_3.2.1.0_ghc-8.10.7 --builddir=.stack-work/dist/x86_64-linux-tinfo6/Cabal-3.2.1.0 build lib:cs2022 exe:cs2022 --ghc-options " -fdiagnostics-color=always"
    Process exited with code: ExitFailure 1[0m
]0;saya@LAPTOP-88RLC3EG: ~/cs2022[01;32msaya@LAPTOP-88RLC3EG[00m:[01;34m~/cs2022[00m$ ]0;saya@LAPTOP-88RLC3EG: ~/cs2022[01;32msaya@LAPTOP-88RLC3EG[00m:[01;34m~/cs2022[00m$ stack buildstack build

[0mcs2022> build (lib + exe)[0m
[0mcs2022> build (lib + exe)[0m
[0mPreprocessing library for cs2022-0.1.0.0..[0m
[0mBuilding library for cs2022-0.1.0.0..[0m
[0mPreprocessing library for cs2022-0.1.0.0..[0m
[0mBuilding library for cs2022-0.1.0.0..[0m
[0m[3 of 3] Compiling TemplateAlgo[0m
[0m[3 of 3] Compiling TemplateAlgo[0m
[0mPreprocessing executable 'cs2022' for cs2022-0.1.0.0..[0m
[0mBuilding executable 'cs2022' for cs2022-0.1.0.0..[0m
[0mPreprocessing executable 'cs2022' for cs2022-0.1.0.0..[0m
[0mBuilding executable 'cs2022' for cs2022-0.1.0.0..[0m
[0mLinking .stack-work/dist/x86_64-linux-tinfo6/Cabal-3.2.1.0/build/cs2022/cs2022 ...[0m
[0mLinking .stack-work/dist/x86_64-linux-tinfo6/Cabal-3.2.1.0/build/cs2022/cs2022 ...[0m
[0mcs2022> copy/register[0m
[0mcs2022> copy/register[0m
[0mInstalling library in /home/saya/cs2022/.stack-work/install/x86_64-linux-tinfo6/be841925a279f5180aa0bc7104f1e64adcac540856b5b65d79e60763d4be4cda/8.10.7/lib/x86_64-linux-ghc-8.10.7/cs2022-0.1.0.0-BUCyn38qLb36zUXpKHew9j[0m
[0mInstalling library in /home/saya/cs2022/.stack-work/install/x86_64-linux-tinfo6/be841925a279f5180aa0bc7104f1e64adcac540856b5b65d79e60763d4be4cda/8.10.7/lib/x86_64-linux-ghc-8.10.7/cs2022-0.1.0.0-BUCyn38qLb36zUXpKHew9j[0m
[0mInstalling executable cs2022 in /home/saya/cs2022/.stack-work/install/x86_64-linux-tinfo6/be841925a279f5180aa0bc7104f1e64adcac540856b5b65d79e60763d4be4cda/8.10.7/bin[0m
[0mInstalling executable cs2022 in /home/saya/cs2022/.stack-work/install/x86_64-linux-tinfo6/be841925a279f5180aa0bc7104f1e64adcac540856b5b65d79e60763d4be4cda/8.10.7/bin[0m
[0mRegistering library for cs2022-0.1.0.0..[0m
[0mRegistering library for cs2022-0.1.0.0..[0m
]0;saya@LAPTOP-88RLC3EG: ~/cs2022[01;32msaya@LAPTOP-88RLC3EG[00m:[01;34m~/cs2022[00m$ ]0;saya@LAPTOP-88RLC3EG: ~/cs2022[01;32msaya@LAPTOP-88RLC3EG[00m:[01;34m~/cs2022[00m$ llgghhccii  ssrrcc//TTeemmppllaatteeAAllggoo..hhss

[?1h=[?1h=GHCi, version 8.10.7: https://www.haskell.org/ghc/  :? for help
GHCi, version 8.10.7: https://www.haskell.org/ghc/  :? for help
Loaded GHCi configuration from /home/saya/cs2022/.ghci
Loaded GHCi configuration 2022-from /home/saya/cs2022/.ghci
2022-09-19 12:12:04.3302793
>>> 09-19 12:12:04.3302793
>>> ::qq

[?1l>[?1l>Leaving GHCi.
Leaving GHCi.
]0;saya@LAPTOP-88RLC3EG: ~/cs2022[01;32msaya@LAPTOP-88RLC3EG[00m:[01;34m~/cs2022[00m$ ]0;saya@LAPTOP-88RLC3EG: ~/cs2022[01;32msaya@LAPTOP-88RLC3EG[00m:[01;34m~/cs2022[00m$ ssttaacckk  eexxeexx[K[Kcc  ----  ssrrcc//TTeemmppllaatteeAAoo[K[Kllggoo..hhss[C src/TemplateAlgo.hs[C src/TemplateAlgo.hs[C[C src/TemplateAlgo.hs[C[C src/TemplateAlgo.hs[1@g[1@g[1@h[1@h[1@c[1@c[1@h[1@h[1P[1P[1@i[1@i[C[C[C[C[C[C[C[C[C[C[C[C[C[C[C[C[C[C[C[C[C[C[C[C[C[C[C[C[C[C[C[C[C[C[C[C[C[C[C[C[C[C

GHCi, version 8.10.7: https://www.haskell.org/ghc/  :? for help
GHCi, version 8.10.7: https://www.haskell.org/ghc/  :? for help
Loaded GHCi configuration from /home/saya/cs2022/.ghci
Loaded GHCi configuration from /home/saya/cs2022/.ghci
[1 of 1] Compiling TemplateAlgo     ( src/TemplateAlgo.hs, interpreted )
[1 of 1] Compiling TemplateAlgo     ( src/TemplateAlgo.hs, interpreted )
Ok, one module loaded.
Ok, one module loaded.
2022-09-19 12:14:09.632022-09-19 12:14:09.635252192
192
[?1h=[?1h=>>> >>> ::pp

[?1l>2022-09-1[?1l>9 2022-09-112:159 :012:150:0.26100010.2610
001
[?1h=[?1h=>>> >>> ::qq
[?1l>Leaving GHCi.

[?1l>Leaving GHCi.
]0;saya@LAPTOP-88RLC3EG: ~/cs2022[01;32msaya@LAPTOP-88RLC3EG[00m:[01;34m~/cs2022[00m$ ]0;saya@LAPTOP-88RLC3EG: ~/cs2022[01;32msaya@LAPTOP-88RLC3EG[00m:[01;34m~/cs2022[00m$ ggiitt  aaddoo  ..

git: 'ado' is not a git command. See 'git --help'.

The most similar command is
	add
]0;saya@LAPTOP-88RLC3EG: ~/cs2022[01;32msaya@LAPTOP-88RLC3EG[00m:[01;34m~/cs2022[00m$ git: 'ado' is not a git command. See 'git --help'.

The most similar command is
	add
]0;saya@LAPTOP-88RLC3EG: ~/cs2022[01;32msaya@LAPTOP-88RLC3EG[00m:[01;34m~/cs2022[00m$ ggiitt  ccoommmmiitt  --mm  ""ssttaarrtt  aallggoo22
> 
> git commit -m "start algo2git commit -m "start algo2[K[K

error: pathspec 'algo' did not match any file(s) known to git
error: pathspec 'algo' did not match any file(s) known to git
]0;saya@LAPTOP-88RLC3EG: ~/cs2022[01;32msaya@LAPTOP-88RLC3EG[00m:[01;34m~/cs2022[00m$ ]0;saya@LAPTOP-88RLC3EG: ~/cs2022[01;32msaya@LAPTOP-88RLC3EG[00m:[01;34m~/cs2022[00m$ git commit -m "start algo2
git commit -m "start algogit commit -m "start algo2
git commit -m "start algo[A]0;saya@LAPTOP-88RLC3EG: ~/cs2022[01;32msaya@LAPTOP-88RLC3EG[00m:[01;34m~/cs2022[00m$ [C[C[C[Cado .[K
[K[A[C[C[C[C[C[C[C[C[C[C[C[C[C[C[C[C[C[C[C[C[C[C[C[C[C[C[C[C[C[C[C[C[C[C[C[C[C[C[C[C[A]0;saya@LAPTOP-88RLC3EG: ~/cs2022[01;32msaya@LAPTOP-88RLC3EG[00m:[01;34m~/cs2022[00m$ [C[C[C[Cado .[K
[K[A[C[C[C[C[C[C[C[C[C[C[C[C[C[C[C[C[C[C[C[C[C[C[C[C[C[C[C[C[C[C[C[C[C[C[C[C[C[C[C[C

git: 'ado' is not a git command. See 'git --help'.

The most similar command is
	add
git: 'ado' is not a git command. See 'git --help'.

The most similar command is
	add
]0;saya@LAPTOP-88RLC3EG: ~/cs2022[01;32msaya@LAPTOP-88RLC3EG[00m:[01;34m~/cs2022[00m$ ]0;saya@LAPTOP-88RLC3EG: ~/cs2022[01;32msaya@LAPTOP-88RLC3EG[00m:[01;34m~/cs2022[00m$ git ado .git ado .commit -m "start algo2
git commit -m "start algocommit -m "start algo2
git commit -m "start algo[K[K[K[K[K[K[K[K[K[K[K[K[K[K[K[K[K[K[K[K[K[K[K[K[K[K[K[K[K[K[K[K[K[K[K[K[K[K[K[K[K[K[K[K[K[K[K[K[K[K[K[A[C[C[C[C[C[C[C[C[C[C[C[C[C[C[C[C[C[C[C[C[C[C[C[C[C[C[C[C[C[C[C[C[C[C[C[C[C[C[C[C[C[C[C[C[C[C[C[C[C[C[C[C[C[C[C[C[C[K[A[C[C[C[C[C[C[C[C[C[C[C[C[C[C[C[C[C[C[C[C[C[C[C[C[C[C[C[C[C[C[C[C[C[C[C[C[C[C[C[C[C[C[C[C[C[C[C[C[C[C[C[C[C[C[C[C[C[K[K22[K[K""

On branch main
On branch main
Your branch is up to date with 'origin/main'.

Changes not staged for commit:
  (use "git add <file>..." to update what will be committed)
  (use "git restore <file>..." to discard changes in working directory)
	[31mmodified:   programming_session.log[m

Untracked files:
  (use "git add <file>..." to include in what will be committed)
	[31mghci.log[m
	[31msrc/TemplateAlgo.hs[m
	[31mstack.yaml.lock[m

no changes added to commit (use "git add" and/or "git commit -a")
Your branch is up to date with 'origin/main'.

Changes not staged for commit:
  (use "git add <file>..." to update what will be committed)
  (use "git restore <file>..." to discard changes in working directory)
	[31mmodified:   programming_session.log[m

Untracked files:
  (use "git add <file>..." to include in what will be committed)
	[31mghci.log[m
	[31msrc/TemplateAlgo.hs[m
	[31mstack.yaml.lock[m

no changes added to commit (use "git add" and/or "git commit -a")
]0;saya@LAPTOP-88RLC3EG: ~/cs2022[01;32msaya@LAPTOP-88RLC3EG[00m:[01;34m~/cs2022[00m$ ]0;saya@LAPTOP-88RLC3EG: ~/cs2022[01;32msaya@LAPTOP-88RLC3EG[00m:[01;34m~/cs2022[00m$ [K]0;saya@LAPTOP-88RLC3EG: ~/cs2022[01;32msaya@LAPTOP-88RLC3EG[00m:[01;34m~/cs2022[00m$ [K]0;saya@LAPTOP-88RLC3EG: ~/cs2022[01;32msaya@LAPTOP-88RLC3EG[00m:[01;34m~/cs2022[00m$ git commit -m "start algo"git commit -m "start algo"ado .[Kado .[K[K[K[K[K[K[K[K[Kdddd  ..

]0;saya@LAPTOP-88RLC3EG: ~/cs2022[01;32msaya@LAPTOP-88RLC3EG[00m:[01;34m~/cs2022[00m$ ]0;saya@LAPTOP-88RLC3EG: ~/cs2022[01;32msaya@LAPTOP-88RLC3EG[00m:[01;34m~/cs2022[00m$ git add .git add .commit -m "start algo"commit -m "start algo"

[main 51bdd07] start algo
[main 51bdd07] start algo
 4 files changed, 538 insertions(+), 1 deletion(-)
 create mode 100644 ghci.log
 create mode 100644 src/TemplateAlgo.hs
 create mode 100644 stack.yaml.lock
 4 files changed, 538 insertions(+), 1 deletion(-)
 create mode 100644 ghci.log
 create mode 100644 src/TemplateAlgo.hs
 create mode 100644 stack.yaml.lock
]0;saya@LAPTOP-88RLC3EG: ~/cs2022[01;32msaya@LAPTOP-88RLC3EG[00m:[01;34m~/cs2022[00m$ ]0;saya@LAPTOP-88RLC3EG: ~/cs2022[01;32msaya@LAPTOP-88RLC3EG[00m:[01;34m~/cs2022[00m$ ggiitt  ppuusshh  [K[K

Enumerating objects: 10, done.
Enumerating objects: 10, done.
Counting objects:  10% (1/10)Counting objects:  10% (1/10)Counting objects:  20% (2/10)Counting objects:  20% (2/10)Counting objects:  30% (3/10)Counting objects:  30% (3/10)Counting objects:  40% (4/10)Counting objects:  40% (4/10)Counting objects:  50% (5/10)Counting objects:  60% (6/10)Counting objects:  50% (5/10)Counting objects:  60% (6/10)Counting objects:  70% (7/10)Counting objects:  70% (7/10)Counting objects:  80% (8/10)Counting objects:  90% (9/10)Counting objects: 100% (10/10)Counting objects:  80% (8/10)Counting objects:  90% (9/10)Counting objects: 100% (10/10)Counting objects: 100% (10/10), done.
Counting objects: 100% (10/10), done.
Delta compression using up to 8 threads
Delta compression using up to 8 threads
Compressing objects:  14% (1/7)Compressing objects:  28% (2/7)Compressing objects:  42% (3/7)Compressing objects:  57% (4/7)Compressing objects:  14% (1/7)Compressing objects:  28% (2/7)Compressing objects:  42% (3/7)Compressing objects:  57% (4/7)Compressing objects:  71% (5/7)Compressing objects:  85% (6/7)Compressing objects: 100% (7/7)Compressing objects:  71% (5/7)Compressing objects:  85% (6/7)Compressing objects: 100% (7/7)Compressing objects: 100% (7/7), done.
Compressing objects: 100% (7/7), done.
Writing objects:  14% (1/7)Writing objects:  14% (1/7)Writing objects:  28% (2/7)Writing objects:  42% (3/7)Writing objects:  28% (2/7)Writing objects:  42% (3/7)Writing objects:  57% (4/7)Writing objects:  57% (4/7)Writing objects:  71% (5/7)Writing objects:  85% (6/7)Writing objects: 100% (7/7)Writing objects:  71% (5/7)Writing objects:  85% (6/7)Writing objects: 100% (7/7)Writing objects: 100% (7/7), 8.50 KiB | 1.42 MiB/s, done.
Total 7 (delta 1), reused 0 (delta 0)
Writing objects: 100% (7/7), 8.50 KiB | 1.42 MiB/s, done.
Total 7 (delta 1), reused 0 (delta 0)
remote: Resolving deltas:   0% (0/1)[Kremote: Resolving deltas:   0% (0/1)[Kremote: Resolving deltas: 100% (1/1)[Kremote: Resolving deltas: 100% (1/1), completed with 1 local object.[K
remote: Resolving deltas: 100% (1/1)[Kremote: Resolving deltas: 100% (1/1), completed with 1 local object.[K
To github.com:ayakaishii/cs2022
   8c0117f..51bdd07  main -> main
To github.com:ayakaishii/cs2022
   8c0117f..51bdd07  main -> main
]0;saya@LAPTOP-88RLC3EG: ~/cs2022[01;32msaya@LAPTOP-88RLC3EG[00m:[01;34m~/cs2022[00m$ ]0;saya@LAPTOP-88RLC3EG: ~/cs2022[01;32msaya@LAPTOP-88RLC3EG[00m:[01;34m~/cs2022[00m$ Script started on 2022-09-26 11:30:44+09:00 [TERM="xterm-256color" TTY="/dev/pts/3" COLUMNS="170" LINES="22"]
]0;saya@LAPTOP-88RLC3EG: ~/cs2022[01;32msaya@LAPTOP-88RLC3EG[00m:[01;34m~/cs2022[00m$ cay[Kt '[K`e[Kwhich lghci`
#!/bin/bash
ginput | tee -a -i ghci.log | stack exec -- ghci 2>&1 | tee -a -i ghci.log
]0;saya@LAPTOP-88RLC3EG: ~/cs2022[01;32msaya@LAPTOP-88RLC3EG[00m:[01;34m~/cs2022[00m$ cog[Kd [Ke ^[K~/>[K.loxa[K[Kcal/bin
]0;saya@LAPTOP-88RLC3EG: ~/cs2022[01;32msaya@LAPTOP-88RLC3EG[00m:[01;34m~/cs2022[00m$ lghci srv[Kc/TemplateAlgo.he[Ks
GHCi, version 8.10.7: https://www.haskell.org/ghc/  :? for help
Loaded GHCi configuration from /home/saya/cs2022/.ghci
[1 of 1] Compiling TemplateAlgo     ( src/TemplateAlgo.hs, interpreted )
Ok, one module loaded.
2022-09-26 11:41:11.2957145
[?1h=>>> wa[Kords"[K "This is a pen"."[C
[?1l>["This","is","a","pen."]
2022-09-26 11:43:17.5170075
[?1h=>>> :r
[?1l>   1  module TemplateAlgo where
   2  
   3  main :: IO ()
   4  main = interact func
   5  
   6  func :: String ->String
   7  func input = case map (map readInt . words) (lines input) of
   8      _ -> undefined
   9  
  10  readInt :: String -> Int
  11  readInt = read
  12  
Ok, one module loaded.
2022-09-26 12:06:24.996232
[?1h=>>> :r [Kl [K[K[Kl app/Main.hs
[?1l>   1    module Main where
   2    
   3    main :: IO ()
   4    main = interast func
   5    
   6    func :: String -> String
   7    func input = unlines ([1..3])
   8    
   9    showInt :: Int -> String
  10    showInt = show
[1 of 1] Compiling Main             ( app/Main.hs, interpreted )

[;1mapp/Main.hs:4:8: [;1m[31merror:[0m[0m[;1m[0m[0m[;1m
    • Variable not in scope: interast :: (String -> String) -> IO ()
    • Perhaps you meant ‘interact’ (imported from Prelude)[0m[0m
[;1m[34m  |[0m[0m
[;1m[34m4 |[0m[0m main = [;1m[31minterast[0m[0m func
[;1m[34m  |[0m[0m[;1m[31m        ^^^^^^^^[0m[0m
[0m[0m[0mFailed, no modules loaded.
2022-09-26 12:07:11.1427113
[?1h=>>> :l app/Main.hs
[?1l>   1    module Main where
   2    
   3    main :: IO ()
   4    main = interact func
   5    
   6    func :: String -> String
   7    func input = unlines ([1..3])
   8    
   9    showInt :: Int -> String
  10    showInt = show
[1 of 1] Compiling Main             ( app/Main.hs, interpreted )

[;1mapp/Main.hs:7:23: [;1m[31merror:[0m[0m[;1m[0m[0m[;1m
    • No instance for (Enum String)
        arising from the arithmetic sequence ‘1 .. 3’
    • In the first argument of ‘unlines’, namely ‘([1 .. 3])’
      In the expression: unlines ([1 .. 3])
      In an equation for ‘func’: func input = unlines ([1 .. 3])[0m[0m
[;1m[34m  |[0m[0m
[;1m[34m7 |[0m[0m func input = unlines ([;1m[31m[1..3][0m[0m)
[;1m[34m  |[0m[0m[;1m[31m                       ^^^^^^[0m[0m
[0m[0m[0m
[;1mapp/Main.hs:7:24: [;1m[31merror:[0m[0m[;1m[0m[0m[;1m
    • No instance for (Num String) arising from the literal ‘1’
    • In the expression: 1
      In the first argument of ‘unlines’, namely ‘([1 .. 3])’
      In the expression: unlines ([1 .. 3])[0m[0m
[;1m[34m  |[0m[0m
[;1m[34m7 |[0m[0m func input = unlines ([[;1m[31m1[0m[0m..3])
[;1m[34m  |[0m[0m[;1m[31m                        ^[0m[0m
[0m[0m[0mFailed, no modules loaded.
2022-09-26 12:07:35.0213434
[?1h=>>> :l app/Main.hs
[?1l>   1    module Main where
   2    
   3    main :: IO ()
   4    main = interact func
   5    
   6    func :: String -> String
   7    func input = unlines ([1 .. 3])
   8    
   9    showInt :: Int -> String
  10    showInt = show
[1 of 1] Compiling Main             ( app/Main.hs, interpreted )

[;1mapp/Main.hs:7:23: [;1m[31merror:[0m[0m[;1m[0m[0m[;1m
    • No instance for (Enum String)
        arising from the arithmetic sequence ‘1 .. 3’
    • In the first argument of ‘unlines’, namely ‘([1 .. 3])’
      In the expression: unlines ([1 .. 3])
      In an equation for ‘func’: func input = unlines ([1 .. 3])[0m[0m
[;1m[34m  |[0m[0m
[;1m[34m7 |[0m[0m func input = unlines ([;1m[31m[1 .. 3][0m[0m)
[;1m[34m  |[0m[0m[;1m[31m                       ^^^^^^^^[0m[0m
[0m[0m[0m
[;1mapp/Main.hs:7:24: [;1m[31merror:[0m[0m[;1m[0m[0m[;1m
    • No instance for (Num String) arising from the literal ‘1’
    • In the expression: 1
      In the first argument of ‘unlines’, namely ‘([1 .. 3])’
      In the expression: unlines ([1 .. 3])[0m[0m
[;1m[34m  |[0m[0m
[;1m[34m7 |[0m[0m func input = unlines ([[;1m[31m1[0m[0m .. 3])
[;1m[34m  |[0m[0m[;1m[31m                        ^[0m[0m
[0m[0m[0mFailed, no modules loaded.
2022-09-26 12:08:05.0423978
[?1h=>>> :l app/Main.hs
[?1l>   1    module Main where
   2    
   3    main :: IO ()
   4    main = interact func
   5    
   6    func :: String -> String
   7    func input = unlines (map show[1 .. 3])
   8    
   9    showInt :: Int -> String
  10    showInt = show
[1 of 1] Compiling Main             ( app/Main.hs, interpreted )
Ok, one module loaded.
2022-09-26 12:08:57.747706
[?1h=>>> main
[?1l>1
2
3
2022-09-26 12:09:13.0094037
[?1h=>>> 
[?1l><stdin>: hGetChar: illegal operation (handle is semi-closed)
]0;saya@LAPTOP-88RLC3EG: ~/cs2022[01;32msaya@LAPTOP-88RLC3EG[00m:[01;34m~/cs2022[00m$ Script started on 2022-10-03 11:02:38+09:00 [TERM="xterm-256color" TTY="/dev/pts/3" COLUMNS="159" LINES="22"]
]0;saya@LAPTOP-88RLC3EG: ~/cs2022[01;32msaya@LAPTOP-88RLC3EG[00m:[01;34m~/cs2022[00m$ lg++++[K[K[K[K[K[Kcat `wtis[Kch lh[Kghci`

Command 'wtich' not found, did you mean:

  command 'which' from deb debianutils (4.9.1)

Try: sudo apt install <deb name>

^[[A    ^C
]0;saya@LAPTOP-88RLC3EG: ~/cs2022[01;32msaya@LAPTOP-88RLC3EG[00m:[01;34m~/cs2022[00m$ ct[Kat ``w`h`i`c`h` `l`a`[1P`g`h`c`i`[C
#!/bin/bash

stack exec -- ghci $1
]0;saya@LAPTOP-88RLC3EG: ~/cs2022[01;32msaya@LAPTOP-88RLC3EG[00m:[01;34m~/cs2022[00m$ lghci app/MA[Kain.hs
GHCi, version 8.10.7: https://www.haskell.org/ghc/  :? for help
Loaded GHCi configuration from /home/saya/cs2022/.ghci
[1 of 1] Compiling Main             ( app/Main.hs, interpreted )

[;1mapp/Main.hs:9:1: [;1m[31merror:[0m[0m[;1m[0m[0m[;1m
    Invalid type signature: Main :: ...
    Should be of form <variable> :: <type>[0m[0m
[;1m[34m  |[0m[0m
[;1m[34m9 |[0m[0m [;1m[31mMain[0m[0m :: IO()
[;1m[34m  |[0m[0m[;1m[31m ^^^^[0m[0m
[0m[0m[0mFailed, no modules loaded.
2022-10-03 11:07:33.1759095
[?1h=>>> main[K[K[K[K:r
[?1l>   1  module Main where
   2  
   3  showInt :: Int -> String
   4  showInt = show
   5  
   6  readInt :: String -> Int
   7  readInt = read
   8  
   9  main :: IO()
  10  main = interact func
  11  
  12  --func :: String -> String
  13  --func input = unlines ["Hello Algo-method!"]
  14  
  15  --func :: String -> String
  16  --func input = unlines (map showInt [ 1..3])
  17  
  18  func :: String -> String
  19  func input = undefined
[1 of 1] Compiling Main             ( app/Main.hs, interpreted )
Ok, one module loaded.
2022-10-03 11:10:25.7065149
[?1h=>>> 27182 `mod` 818
[?1l>188
2022-10-03 11:13:20.8083715
[?1h=>>> :r
[?1l>   1  module Main where
   2  
   3  showInt :: Int -> String
   4  showInt = show
   5  
   6  readInt :: String -> Int
   7  readInt = read
   8  
   9  main :: IO()
  10  main = interact func
  11  
  12  --func :: String -> String
  13  --func input = unlines ["Hello Algo-method!"]
  14  
  15  --func :: String -> String
  16  --func input = unlines (map showInt [ 1..3])
  17  
  18  func :: String -> String
  19  func input = 27182 `mod` 818
[1 of 1] Compiling Main             ( app/Main.hs, interpreted )

[;1mapp/Main.hs:19:14: [;1m[31merror:[0m[0m[;1m[0m[0m[;1m
    • No instance for (Num String) arising from the literal ‘27182’
    • In the first argument of ‘mod’, namely ‘27182’
      In the expression: 27182 `mod` 818
      In an equation for ‘func’: func input = 27182 `mod` 818[0m[0m
[;1m[34m   |[0m[0m
[;1m[34m19 |[0m[0m func input = [;1m[31m27182[0m[0m `mod` 818
[;1m[34m   |[0m[0m[;1m[31m              ^^^^^[0m[0m
[0m[0m[0m
[;1mapp/Main.hs:19:14: [;1m[31merror:[0m[0m[;1m[0m[0m[;1m
    • No instance for (Integral String) arising from a use of ‘mod’
    • In the expression: 27182 `mod` 818
      In an equation for ‘func’: func input = 27182 `mod` 818[0m[0m
[;1m[34m   |[0m[0m
[;1m[34m19 |[0m[0m func input = [;1m[31m27182 `mod` 818[0m[0m
[;1m[34m   |[0m[0m[;1m[31m              ^^^^^^^^^^^^^^^[0m[0m
[0m[0m[0mFailed, no modules loaded.
2022-10-03 11:14:37.7156298
[?1h=>>> :r
[?1l>   1  module Main where
   2  
   3  showInt :: Int -> String
   4  showInt = show
   5  
   6  readInt :: String -> Int
   7  readInt = read
   8  
   9  main :: IO()
  10  main = interact func
  11  
  12  --func :: String -> String
  13  --func input = unlines ["Hello Algo-method!"]
  14  
  15  --func :: String -> String
  16  --func input = unlines (map showInt [ 1..3])
  17  
  18  func :: String -> String
  19  func input = showInt (27182 `mod` 818)
[1 of 1] Compiling Main             ( app/Main.hs, interpreted )
Ok, one module loaded.
2022-10-03 11:18:08.998068
[?1h=>>> :r
[?1l>   1  module Main where
   2  
   3  showInt :: Int -> String
   4  showInt = show
   5  
   6  readInt :: String -> Int
   7  readInt = read
   8  
   9  main :: IO()
  10  main = interact func
  11  
  12  --func :: String -> String
  13  --func input = unlines ["Hello Algo-method!"]
  14  
  15  --func :: String -> String
  16  --func input = unlines (map showInt [ 1..3])
  17  
  18  func :: String -> String
  19  func input = showInt (27182 `mod` 818)
  20  
  21  func :: String -> String
  22  func input = showInt(314×(159+265)−358)
[1 of 1] Compiling Main             ( app/Main.hs, interpreted )

[;1mapp/Main.hs:21:1: [;1m[31merror:[0m[0m[;1m[0m[0m[;1m
    Duplicate type signatures for ‘func’
    at app/Main.hs:18:1-4
       app/Main.hs:21:1-4[0m[0m
[;1m[34m   |[0m[0m
[;1m[34m21 |[0m[0m [;1m[31mfunc[0m[0m :: String -> String
[;1m[34m   |[0m[0m[;1m[31m ^^^^[0m[0m
[0m[0m[0m
[;1mapp/Main.hs:22:1: [;1m[31merror:[0m[0m[;1m[0m[0m[;1m
    Multiple declarations of ‘func’
    Declared at: app/Main.hs:19:1
                 app/Main.hs:22:1[0m[0m
[;1m[34m   |[0m[0m
[;1m[34m22 |[0m[0m [;1m[31mfunc[0m[0m input = showInt(314×(159+265)−358)
[;1m[34m   |[0m[0m[;1m[31m ^^^^[0m[0m
[0m[0m[0mFailed, no modules loaded.
2022-10-03 11:24:20.6364537
[?1h=>>> :r
[?1l>   1  module Main where
   2  
   3  showInt :: Int -> String
   4  showInt = show
   5  
   6  readInt :: String -> Int
   7  readInt = read
   8  
   9  main :: IO()
  10  main = interact func
  11  
  12  --func :: String -> String
  13  --func input = unlines ["Hello Algo-method!"]
  14  
  15  --func :: String -> String
  16  --func input = unlines (map showInt [ 1..3])
  17  
  18  --func :: String -> String
  19  --func input = showInt (27182 `mod` 818)
  20  
  21  -- func :: String -> String
  22  -- func input = showInt(314×(159+265)−358)
[1 of 1] Compiling Main             ( app/Main.hs, interpreted )

[;1mapp/Main.hs:10:17: [;1m[31merror:[0m[0m[;1m[0m[0m[;1m
    Variable not in scope: func :: String -> String[0m[0m
[;1m[34m   |[0m[0m
[;1m[34m10 |[0m[0m main = interact [;1m[31mfunc[0m[0m
[;1m[34m   |[0m[0m[;1m[31m                 ^^^^[0m[0m
[0m[0m[0mFailed, no modules loaded.
2022-10-03 11:25:43.2735114
[?1h=>>> :r
[?1l>   1  module Main where
   2  
   3  showInt :: Int -> String
   4  showInt = show
   5  
   6  readInt :: String -> Int
   7  readInt = read
   8  
   9  main :: IO()
  10  main = interact func
  11  
  12  --func :: String -> String
  13  --func input = unlines ["Hello Algo-method!"]
  14  
  15  --func :: String -> String
  16  --func input = unlines (map showInt [ 1..3])
  17  
  18  --func :: String -> String
  19  --func input = showInt (27182 `mod` 818)
  20  
  21  func :: String -> String
  22  func input = showInt(314×(159+265)−358)
[1 of 1] Compiling Main             ( app/Main.hs, interpreted )

[;1mapp/Main.hs:22:25: [;1m[31merror:[0m[0m[;1m[0m[0m[;1m
    Variable not in scope: (×) :: t1 -> t2 -> t0[0m[0m
[;1m[34m   |[0m[0m
[;1m[34m22 |[0m[0m func input = showInt(314[;1m[31m×[0m[0m(159+265)−358)
[;1m[34m   |[0m[0m[;1m[31m                         ^[0m[0m
[0m[0m[0m
[;1mapp/Main.hs:22:35: [;1m[31merror:[0m[0m[;1m[0m[0m[;1m
    Variable not in scope: (−) :: t0 -> t3 -> Int[0m[0m
[;1m[34m   |[0m[0m
[;1m[34m22 |[0m[0m func input = showInt(314×(159+265)[;1m[31m−[0m[0m358)
[;1m[34m   |[0m[0m[;1m[31m                                   ^[0m[0m
[0m[0m[0mFailed, no modules loaded.
2022-10-03 11:27:08.1948981
[?1h=>>> :r
[?1l>   1  module Main where
   2  
   3  showInt :: Int -> String
   4  showInt = show
   5  
   6  readInt :: String -> Int
   7  readInt = read
   8  
   9  main :: IO()
  10  main = interact func
  11  
  12  --func :: String -> String
  13  --func input = unlines ["Hello Algo-method!"]
  14  
  15  --func :: String -> String
  16  --func input = unlines (map showInt [ 1..3])
  17  
  18  --func :: String -> String
  19  --func input = showInt (27182 `mod` 818)
  20  
  21  func :: String -> String
  22  func input = showInt(314*(159+265)-358)
[1 of 1] Compiling Main             ( app/Main.hs, interpreted )
Ok, one module loaded.
2022-10-03 11:27:36.8453483
[?1h=>>> :r
[?1l>   1  module Main where
   2  
   3  showInt :: Int -> String
   4  showInt = show
   5  
   6  readInt :: String -> Int
   7  readInt = read
   8  
   9  main :: IO()
  10  main = interact func
  11  
  12  --func :: String -> String
  13  --func input = unlines ["Hello Algo-method!"]
  14  
  15  --func :: String -> String
  16  --func input = unlines (map showInt [ 1..3])
  17  
  18  --func :: String -> String
  19  --func input = showInt (27182 `mod` 818)
  20  
  21  -- func :: String -> String
  22  -- func input = showInt(314*(159+265)-358)
  23  
  24  func :: String -> String
  25  func input = showInt(24*60*60)
[1 of 1] Compiling Main             ( app/Main.hs, interpreted )
Ok, one module loaded.
2022-10-03 11:31:47.1272052
[?1h=>>> :r
[?1l>   1  module Main where
   2  
   3  showInt :: Int -> String
   4  showInt = show
   5  
   6  readInt :: String -> Int
   7  readInt = read
   8  
   9  main :: IO()
  10  main = interact func
  11  
  12  func :: String -> String
  13  
  14  --func :: String -> String
  15  --func input = unlines ["Hello Algo-method!"]
  16  
  17  --func :: String -> String
  18  --func input = unlines (map showInt [ 1..3])
  19  
  20  --func :: String -> String
  21  --func input = showInt (27182 `mod` 818)
  22  
  23  -- func :: String -> String
  24  -- func input = showInt(314*(159+265)-358)
  25  
  26  -- func :: String -> String
  27  -- func input = showInt(24*60*60)
  28  
  29  -- func input = showInt (2 * readInt input)
  30  -- func  = showInt . (2*) . readInt
  31  
  32  -- func input = case readInt input of
  33      n -> showInt (2 * n)
  34  
  35  func input = case readInt input of
  36      n -> showInt (5 / n)
[1 of 1] Compiling Main             ( app/Main.hs, interpreted )

[;1mapp/Main.hs:33:19: [;1m[31merror:[0m[0m[;1m[0m[0m[;1m
    Illegal type: ‘2’ Perhaps you intended to use DataKinds[0m[0m
[;1m[34m   |[0m[0m
[;1m[34m33 |[0m[0m     n -> showInt ([;1m[31m2[0m[0m * n)
[;1m[34m   |[0m[0m[;1m[31m                   ^[0m[0m
[0m[0m[0mFailed, no modules loaded.
2022-10-03 11:52:14.8593262
[?1h=>>> :r
[?1l>   1  module Main where
   2  
   3  showInt :: Int -> String
   4  showInt = show
   5  
   6  readInt :: String -> Int
   7  readInt = read
   8  
   9  main :: IO()
  10  main = interact func
  11  
  12  func :: String -> String
  13  
  14  --func :: String -> String
  15  --func input = unlines ["Hello Algo-method!"]
  16  
  17  --func :: String -> String
  18  --func input = unlines (map showInt [ 1..3])
  19  
  20  --func :: String -> String
  21  --func input = showInt (27182 `mod` 818)
  22  
  23  -- func :: String -> String
  24  -- func input = showInt(314*(159+265)-358)
  25  
  26  -- func :: String -> String
  27  -- func input = showInt(24*60*60)
  28  
  29  -- func input = showInt (2 * readInt input)
  30  -- func  = showInt . (2*) . readInt
  31  
  32  -- func input = case readInt input of
  33      -- n -> showInt (2 * n)
  34  
  35  func input = case readInt input of
  36      n -> showInt (5 / n)
[1 of 1] Compiling Main             ( app/Main.hs, interpreted )

[;1mapp/Main.hs:36:19: [;1m[31merror:[0m[0m[;1m[0m[0m[;1m
    • No instance for (Fractional Int) arising from a use of ‘/’
    • In the first argument of ‘showInt’, namely ‘(5 / n)’
      In the expression: showInt (5 / n)
      In a case alternative: n -> showInt (5 / n)[0m[0m
[;1m[34m   |[0m[0m
[;1m[34m36 |[0m[0m     n -> showInt ([;1m[31m5 / n[0m[0m)
[;1m[34m   |[0m[0m[;1m[31m                   ^^^^^[0m[0m
[0m[0m[0mFailed, no modules loaded.
2022-10-03 11:52:29.0675605
[?1h=>>> :r
[?1l>   1  module Main where
   2  
   3  showInt :: Int -> String
   4  showInt = show
   5  
   6  readInt :: String -> Int
   7  readInt = read
   8  
   9  main :: IO()
  10  main = interact func
  11  
  12  func :: String -> String
  13  
  14  --func :: String -> String
  15  --func input = unlines ["Hello Algo-method!"]
  16  
  17  --func :: String -> String
  18  --func input = unlines (map showInt [ 1..3])
  19  
  20  --func :: String -> String
  21  --func input = showInt (27182 `mod` 818)
  22  
  23  -- func :: String -> String
  24  -- func input = showInt(314*(159+265)-358)
  25  
  26  -- func :: String -> String
  27  -- func input = showInt(24*60*60)
  28  
  29  -- func input = showInt (2 * readInt input)
  30  -- func  = showInt . (2*) . readInt
  31  
  32  -- func input = case readInt input of
  33      -- n -> showInt (2 * n)
  34  
  35  func input = case readInt input of
  36      n -> showInt (n / 5)
[1 of 1] Compiling Main             ( app/Main.hs, interpreted )

[;1mapp/Main.hs:36:19: [;1m[31merror:[0m[0m[;1m[0m[0m[;1m
    • No instance for (Fractional Int) arising from a use of ‘/’
    • In the first argument of ‘showInt’, namely ‘(n / 5)’
      In the expression: showInt (n / 5)
      In a case alternative: n -> showInt (n / 5)[0m[0m
[;1m[34m   |[0m[0m
[;1m[34m36 |[0m[0m     n -> showInt ([;1m[31mn / 5[0m[0m)
[;1m[34m   |[0m[0m[;1m[31m                   ^^^^^[0m[0m
[0m[0m[0mFailed, no modules loaded.
2022-10-03 11:54:38.1410256
[?1h=>>> :r
[?1l>   1  module Main where
   2  
   3  showInt :: Int -> String
   4  showInt = show
   5  
   6  readInt :: String -> Int
   7  readInt = read
   8  
   9  main :: IO()
  10  main = interact func
  11  
  12  func :: String -> String
  13  
  14  --func :: String -> String
  15  --func input = unlines ["Hello Algo-method!"]
  16  
  17  --func :: String -> String
  18  --func input = unlines (map showInt [ 1..3])
  19  
  20  --func :: String -> String
  21  --func input = showInt (27182 `mod` 818)
  22  
  23  -- func :: String -> String
  24  -- func input = showInt(314*(159+265)-358)
  25  
  26  -- func :: String -> String
  27  -- func input = showInt(24*60*60)
  28  
  29  -- func input = showInt (2 * readInt input)
  30  -- func  = showInt . (2*) . readInt
  31  
  32  -- func input = case readInt input of
  33      -- n -> showInt (2 * n)
  34  
  35  func input = case readInt input of
  36      n -> showInt (n `mod` 5)
[1 of 1] Compiling Main             ( app/Main.hs, interpreted )
Ok, one module loaded.
2022-10-03 11:55:52.9938739
[?1h=>>> :r
[?1l>   1  module Main where
   2  
   3  showInt :: Int -> String
   4  showInt = show
   5  
   6  readInt :: String -> Int
   7  readInt = read
   8  
   9  main :: IO()
  10  main = interact func
  11  
  12  func :: String -> String
  13  
  14  --func :: String -> String
  15  --func input = unlines ["Hello Algo-method!"]
  16  
  17  --func :: String -> String
  18  --func input = unlines (map showInt [ 1..3])
  19  
  20  --func :: String -> String
  21  --func input = showInt (27182 `mod` 818)
  22  
  23  -- func :: String -> String
  24  -- func input = showInt(314*(159+265)-358)
  25  
  26  -- func :: String -> String
  27  -- func input = showInt(24*60*60)
  28  
  29  -- func input = showInt (2 * readInt input)
  30  -- func  = showInt . (2*) . readInt
  31  
  32  -- func input = case readInt input of
  33      -- n -> showInt (2 * n)
  34  
  35  -- func input = case readInt input of
  36  --     n -> showInt (n `mod` 5)
  37  
  38  func input = concat (replicate 3 input)
[1 of 1] Compiling Main             ( app/Main.hs, interpreted )
Ok, one module loaded.
2022-10-03 11:58:06.7654482
[?1h=>>> :q
[?1l>Leaving GHCi.
]0;saya@LAPTOP-88RLC3EG: ~/cs2022[01;32msaya@LAPTOP-88RLC3EG[00m:[01;34m~/cs2022[00m$ git ass[K[Kdd .
]0;saya@LAPTOP-88RLC3EG: ~/cs2022[01;32msaya@LAPTOP-88RLC3EG[00m:[01;34m~/cs2022[00m$ git commit -m ""a"d"d" "u"p"t"o" "s"t"d"i"n"-"1"-"3"[C
[main 9a8cf99] add upto stdin-1-3
 3 files changed, 725 insertions(+), 9 deletions(-)
 rewrite app/Main.hs (67%)
]0;saya@LAPTOP-88RLC3EG: ~/cs2022[01;32msaya@LAPTOP-88RLC3EG[00m:[01;34m~/cs2022[00m$ git push
Enumerating objects: 13, done.
Counting objects:   7% (1/13)Counting objects:  15% (2/13)Counting objects:  23% (3/13)Counting objects:  30% (4/13)Counting objects:  38% (5/13)Counting objects:  46% (6/13)Counting objects:  53% (7/13)Counting objects:  61% (8/13)Counting objects:  69% (9/13)Counting objects:  76% (10/13)Counting objects:  84% (11/13)Counting objects:  92% (12/13)Counting objects: 100% (13/13)Counting objects: 100% (13/13), done.
Delta compression using up to 8 threads
Compressing objects:  16% (1/6)Compressing objects:  33% (2/6)Compressing objects:  50% (3/6)Compressing objects:  66% (4/6)Compressing objects:  83% (5/6)Compressing objects: 100% (6/6)Compressing objects: 100% (6/6), done.
Writing objects:  14% (1/7)Writing objects:  28% (2/7)Writing objects:  42% (3/7)Writing objects:  57% (4/7)Writing objects:  71% (5/7)Writing objects:  85% (6/7)Writing objects: 100% (7/7)Writing objects: 100% (7/7), 4.34 KiB | 1.08 MiB/s, done.
Total 7 (delta 3), reused 0 (delta 0)
remote: Resolving deltas:   0% (0/3)[Kremote: Resolving deltas:  33% (1/3)[Kremote: Resolving deltas:  66% (2/3)[Kremote: Resolving deltas: 100% (3/3)[Kremote: Resolving deltas: 100% (3/3), completed with 3 local objects.[K
To github.com:ayakaishii/cs2022
   51bdd07..9a8cf99  main -> main
]0;saya@LAPTOP-88RLC3EG: ~/cs2022[01;32msaya@LAPTOP-88RLC3EG[00m:[01;34m~/cs2022[00m$ Script started on 2022-10-17 10:54:51+09:00 [TERM="xterm-256color" TTY="/dev/pts/3" COLUMNS="170" LINES="22"]
]0;saya@LAPTOP-88RLC3EG: ~/cs2022[01;32msaya@LAPTOP-88RLC3EG[00m:[01;34m~/cs2022[00m$ [K]0;saya@LAPTOP-88RLC3EG: ~/cs2022[01;32msaya@LAPTOP-88RLC3EG[00m:[01;34m~/cs2022[00m$ [K]0;saya@LAPTOP-88RLC3EG: ~/cs2022[01;32msaya@LAPTOP-88RLC3EG[00m:[01;34m~/cs2022[00m$ [K]0;saya@LAPTOP-88RLC3EG: ~/cs2022[01;32msaya@LAPTOP-88RLC3EG[00m:[01;34m~/cs2022[00m$ stack build
[0mcs2022-0.1.0.0: unregistering (local file changes: app/Main.hs src/TemplateAlgo.hs)[0m
[0mcs2022> configure (lib + exe)[0m
[0mConfiguring cs2022-0.1.0.0...[0m
[0mcs2022> build (lib + exe)[0m
[0mPreprocessing library for cs2022-0.1.0.0..[0m
[0mBuilding library for cs2022-0.1.0.0..[0m
[0m[3 of 3] Compiling TemplateAlgo[0m
[0mPreprocessing executable 'cs2022' for cs2022-0.1.0.0..[0m
[0mBuilding executable 'cs2022' for cs2022-0.1.0.0..[0m
[0m[2 of 2] Compiling Main[0m
[0mLinking .stack-work/dist/x86_64-linux-tinfo6/Cabal-3.2.1.0/build/cs2022/cs2022 ...[0m
[0mcs2022> copy/register[0m
[0mInstalling library in /home/saya/cs2022/.stack-work/install/x86_64-linux-tinfo6/be841925a279f5180aa0bc7104f1e64adcac540856b5b65d79e60763d4be4cda/8.10.7/lib/x86_64-linux-ghc-8.10.7/cs2022-0.1.0.0-BUCyn38qLb36zUXpKHew9j[0m
[0mInstalling executable cs2022 in /home/saya/cs2022/.stack-work/install/x86_64-linux-tinfo6/be841925a279f5180aa0bc7104f1e64adcac540856b5b65d79e60763d4be4cda/8.10.7/bin[0m
[0mRegistering library for cs2022-0.1.0.0..[0m
]0;saya@LAPTOP-88RLC3EG: ~/cs2022[01;32msaya@LAPTOP-88RLC3EG[00m:[01;34m~/cs2022[00m$ [K]0;saya@LAPTOP-88RLC3EG: ~/cs2022[01;32msaya@LAPTOP-88RLC3EG[00m:[01;34m~/cs2022[00m$ [K]0;saya@LAPTOP-88RLC3EG: ~/cs2022[01;32msaya@LAPTOP-88RLC3EG[00m:[01;34m~/cs2022[00m$ [K]0;saya@LAPTOP-88RLC3EG: ~/cs2022[01;32msaya@LAPTOP-88RLC3EG[00m:[01;34m~/cs2022[00m$ [K]0;saya@LAPTOP-88RLC3EG: ~/cs2022[01;32msaya@LAPTOP-88RLC3EG[00m:[01;34m~/cs2022[00m$ stak[K[K[K[K[K]0;saya@LAPTOP-88RLC3EG: ~/cs2022[01;32msaya@LAPTOP-88RLC3EG[00m:[01;34m~/cs2022[00m$ [K]0;saya@LAPTOP-88RLC3EG: ~/cs2022[01;32msaya@LAPTOP-88RLC3EG[00m:[01;34m~/cs2022[00m$ git add .
